<?xml version="1.0" encoding="UTF-8"?>
<testsuite name="com.blueharvest.spi.repository.UserRepositoryTest" tests="1" skipped="0" failures="0" errors="0" timestamp="2025-01-24T14:59:36" hostname="DESKTOP-8O5B7RD" time="2.046">
  <properties/>
  <testcase name="testReporitory()" classname="com.blueharvest.spi.repository.UserRepositoryTest" time="2.046"/>
  <system-out><![CDATA[
  .   ____          _            __ _ _
 /\\ / ___'_ __ _ _(_)_ __  __ _ \ \ \ \
( ( )\___ | '_ | '_| | '_ \/ _` | \ \ \ \
 \\/  ___)| |_)| | | | | || (_| |  ) ) ) )
  '  |____| .__|_| |_|_| |_\__, | / / / /
 =========|_|==============|___/=/_/_/_/

 :: Spring Boot ::                (v3.3.6)

2025-01-24T15:59:28.270+01:00 DEBUG 35076 --- [kground-preinit] org.jboss.logging                        : Logging Provider: org.jboss.logging.Slf4jLoggerProvider found via system property
2025-01-24T15:59:28.329+01:00 DEBUG 35076 --- [kground-preinit] o.h.v.i.xml.config.ValidationXmlParser   : Trying to load META-INF/validation.xml for XML based Validator configuration.
2025-01-24T15:59:28.333+01:00 DEBUG 35076 --- [kground-preinit] o.h.v.i.xml.config.ResourceLoaderHelper  : Trying to load META-INF/validation.xml via TCCL
2025-01-24T15:59:28.334+01:00 DEBUG 35076 --- [kground-preinit] o.h.v.i.xml.config.ResourceLoaderHelper  : Trying to load META-INF/validation.xml via Hibernate Validator's class loader
2025-01-24T15:59:28.335+01:00 DEBUG 35076 --- [kground-preinit] o.h.v.i.xml.config.ValidationXmlParser   : No META-INF/validation.xml found. Using annotation based configuration only.
2025-01-24T15:59:28.359+01:00 DEBUG 35076 --- [kground-preinit] o.h.v.i.e.resolver.TraversableResolvers  : Found jakarta.persistence.Persistence on classpath containing 'getPersistenceUtil'. Assuming JPA 2 environment. Trying to instantiate JPA aware TraversableResolver
2025-01-24T15:59:28.363+01:00 DEBUG 35076 --- [kground-preinit] o.h.v.i.e.resolver.TraversableResolvers  : Instantiated JPA aware TraversableResolver of type org.hibernate.validator.internal.engine.resolver.JPATraversableResolver.
2025-01-24T15:59:28.459+01:00 DEBUG 35076 --- [kground-preinit] .h.v.m.ResourceBundleMessageInterpolator : Loaded expression factory via original TCCL
2025-01-24T15:59:28.504+01:00  INFO 35076 --- [    Test worker] c.b.spi.repository.UserRepositoryTest    : Starting UserRepositoryTest using Java 21.0.2 with PID 35076 (started by svenv in C:\Users\svenv\Desktop\workspace\blue-harvest)
2025-01-24T15:59:28.505+01:00 DEBUG 35076 --- [    Test worker] c.b.spi.repository.UserRepositoryTest    : Running with Spring Boot v3.3.6, Spring v6.1.15
2025-01-24T15:59:28.507+01:00  INFO 35076 --- [    Test worker] c.b.spi.repository.UserRepositoryTest    : The following 1 profile is active: "test"
2025-01-24T15:59:28.509+01:00 DEBUG 35076 --- [    Test worker] o.s.boot.SpringApplication               : Loading source class com.blueharvest.BlueHarvestApp
2025-01-24T15:59:28.549+01:00 DEBUG 35076 --- [    Test worker] s.c.a.AnnotationConfigApplicationContext : Refreshing org.springframework.context.annotation.AnnotationConfigApplicationContext@2c6927f0
2025-01-24T15:59:28.601+01:00 DEBUG 35076 --- [    Test worker] o.s.b.f.s.DefaultListableBeanFactory     : Creating shared instance of singleton bean 'org.springframework.context.annotation.internalConfigurationAnnotationProcessor'
2025-01-24T15:59:28.662+01:00 DEBUG 35076 --- [    Test worker] o.s.b.f.s.DefaultListableBeanFactory     : Creating shared instance of singleton bean 'org.springframework.boot.autoconfigure.internalCachingMetadataReaderFactory'
2025-01-24T15:59:28.802+01:00 DEBUG 35076 --- [kground-preinit] .i.e.ValidatorFactoryConfigurationHelper : HV000252: Using org.hibernate.validator.internal.engine.DefaultPropertyNodeNameProvider as property node name provider.
2025-01-24T15:59:28.821+01:00 DEBUG 35076 --- [    Test worker] o.s.c.a.ClassPathBeanDefinitionScanner   : Identified candidate component class: file [C:\Users\svenv\Desktop\workspace\blue-harvest\build\classes\java\main\com\blueharvest\BlueHarvestApp.class]
2025-01-24T15:59:28.836+01:00 DEBUG 35076 --- [kground-preinit] .i.e.ValidatorFactoryConfigurationHelper : HV000234: Using org.hibernate.validator.messageinterpolation.ResourceBundleMessageInterpolator as ValidatorFactory-scoped message interpolator.
2025-01-24T15:59:28.836+01:00 DEBUG 35076 --- [kground-preinit] .i.e.ValidatorFactoryConfigurationHelper : HV000234: Using org.hibernate.validator.internal.engine.resolver.JPATraversableResolver as ValidatorFactory-scoped traversable resolver.
2025-01-24T15:59:28.837+01:00 DEBUG 35076 --- [kground-preinit] .i.e.ValidatorFactoryConfigurationHelper : HV000234: Using org.hibernate.validator.internal.util.ExecutableParameterNameProvider as ValidatorFactory-scoped parameter name provider.
2025-01-24T15:59:28.838+01:00 DEBUG 35076 --- [kground-preinit] .i.e.ValidatorFactoryConfigurationHelper : HV000234: Using org.hibernate.validator.internal.engine.DefaultClockProvider as ValidatorFactory-scoped clock provider.
2025-01-24T15:59:28.839+01:00 DEBUG 35076 --- [kground-preinit] .i.e.ValidatorFactoryConfigurationHelper : HV000234: Using org.hibernate.validator.internal.engine.scripting.DefaultScriptEvaluatorFactory as ValidatorFactory-scoped script evaluator factory.
2025-01-24T15:59:28.851+01:00 DEBUG 35076 --- [    Test worker] o.s.c.a.ClassPathBeanDefinitionScanner   : Ignored because not a concrete top-level class: file [C:\Users\svenv\Desktop\workspace\blue-harvest\build\classes\java\main\com\blueharvest\spi\repository\AccountRepository.class]
2025-01-24T15:59:28.853+01:00 DEBUG 35076 --- [    Test worker] o.s.c.a.ClassPathBeanDefinitionScanner   : Ignored because not a concrete top-level class: file [C:\Users\svenv\Desktop\workspace\blue-harvest\build\classes\java\main\com\blueharvest\spi\repository\UserRepository.class]
2025-01-24T15:59:29.549+01:00  INFO 35076 --- [    Test worker] .s.d.r.c.RepositoryConfigurationDelegate : Bootstrapping Spring Data JPA repositories in DEFAULT mode.
2025-01-24T15:59:29.576+01:00 DEBUG 35076 --- [    Test worker] o.s.b.f.s.DefaultListableBeanFactory     : Creating shared instance of singleton bean 'org.springframework.boot.autoconfigure.AutoConfigurationPackages'
2025-01-24T15:59:29.604+01:00 DEBUG 35076 --- [    Test worker] o.s.b.a.AutoConfigurationPackages        : @EnableAutoConfiguration was declared on a class in the package 'com.blueharvest'. Automatic @Repository and @Entity scanning is enabled.
2025-01-24T15:59:29.607+01:00 DEBUG 35076 --- [    Test worker] .s.d.r.c.RepositoryConfigurationDelegate : Scanning for JPA repositories in packages com.blueharvest.
2025-01-24T15:59:29.629+01:00 DEBUG 35076 --- [    Test worker] o.s.d.r.c.RepositoryComponentProvider    : Identified candidate component class: file [C:\Users\svenv\Desktop\workspace\blue-harvest\build\classes\java\main\com\blueharvest\spi\repository\AccountRepository.class]
2025-01-24T15:59:29.630+01:00 DEBUG 35076 --- [    Test worker] o.s.d.r.c.RepositoryComponentProvider    : Identified candidate component class: file [C:\Users\svenv\Desktop\workspace\blue-harvest\build\classes\java\main\com\blueharvest\spi\repository\UserRepository.class]
2025-01-24T15:59:29.718+01:00  INFO 35076 --- [    Test worker] .s.d.r.c.RepositoryConfigurationDelegate : Finished Spring Data repository scanning in 106 ms. Found 2 JPA repository interfaces.
2025-01-24T15:59:29.901+01:00 DEBUG 35076 --- [    Test worker] o.s.b.f.s.DefaultListableBeanFactory     : Creating shared instance of singleton bean 'org.springframework.boot.test.context.ImportsContextCustomizer$ImportsCleanupPostProcessor'
2025-01-24T15:59:30.104+01:00 DEBUG 35076 --- [    Test worker] o.s.b.f.s.DefaultListableBeanFactory     : Creating shared instance of singleton bean 'org.springframework.boot.test.mock.mockito.MockitoPostProcessor'
2025-01-24T15:59:30.108+01:00 DEBUG 35076 --- [    Test worker] o.s.b.f.s.DefaultListableBeanFactory     : Creating shared instance of singleton bean 'emBeanDefinitionRegistrarPostProcessor'
2025-01-24T15:59:30.108+01:00 DEBUG 35076 --- [    Test worker] o.s.b.f.s.DefaultListableBeanFactory     : Creating shared instance of singleton bean 'org.springframework.boot.sql.init.dependency.DatabaseInitializationDependencyConfigurer$DependsOnDatabaseInitializationPostProcessor'
2025-01-24T15:59:30.169+01:00 DEBUG 35076 --- [    Test worker] o.s.b.f.s.DefaultListableBeanFactory     : Creating shared instance of singleton bean 'org.springframework.context.event.internalEventListenerProcessor'
2025-01-24T15:59:30.176+01:00 DEBUG 35076 --- [    Test worker] o.s.b.f.s.DefaultListableBeanFactory     : Creating shared instance of singleton bean 'org.springframework.context.event.internalEventListenerFactory'
2025-01-24T15:59:30.177+01:00 DEBUG 35076 --- [    Test worker] o.s.b.f.s.DefaultListableBeanFactory     : Creating shared instance of singleton bean 'org.springframework.transaction.config.internalTransactionalEventListenerFactory'
2025-01-24T15:59:30.184+01:00 DEBUG 35076 --- [    Test worker] o.s.b.f.s.DefaultListableBeanFactory     : Creating shared instance of singleton bean 'org.springframework.context.annotation.internalAutowiredAnnotationProcessor'
2025-01-24T15:59:30.189+01:00 DEBUG 35076 --- [    Test worker] o.s.b.f.s.DefaultListableBeanFactory     : Creating shared instance of singleton bean 'org.springframework.context.annotation.internalCommonAnnotationProcessor'
2025-01-24T15:59:30.200+01:00 DEBUG 35076 --- [    Test worker] o.s.b.f.s.DefaultListableBeanFactory     : Creating shared instance of singleton bean 'org.springframework.context.annotation.internalPersistenceAnnotationProcessor'
2025-01-24T15:59:30.202+01:00 DEBUG 35076 --- [    Test worker] o.s.b.f.s.DefaultListableBeanFactory     : Creating shared instance of singleton bean 'org.springframework.boot.test.mock.mockito.MockitoPostProcessor$SpyPostProcessor'
2025-01-24T15:59:30.205+01:00 DEBUG 35076 --- [    Test worker] o.s.b.f.s.DefaultListableBeanFactory     : Creating shared instance of singleton bean 'jdbcConnectionDetailsHikariBeanPostProcessor'
2025-01-24T15:59:30.214+01:00 DEBUG 35076 --- [    Test worker] o.s.b.f.s.DefaultListableBeanFactory     : Creating shared instance of singleton bean 'org.springframework.boot.context.properties.ConfigurationPropertiesBindingPostProcessor'
2025-01-24T15:59:30.214+01:00 DEBUG 35076 --- [    Test worker] o.s.b.f.s.DefaultListableBeanFactory     : Creating shared instance of singleton bean 'org.springframework.boot.context.internalConfigurationPropertiesBinder'
2025-01-24T15:59:30.224+01:00 DEBUG 35076 --- [    Test worker] o.s.b.f.s.DefaultListableBeanFactory     : Creating shared instance of singleton bean 'org.springframework.aop.config.internalAutoProxyCreator'
2025-01-24T15:59:30.258+01:00 DEBUG 35076 --- [    Test worker] o.s.b.f.s.DefaultListableBeanFactory     : Creating shared instance of singleton bean 'flyway'
2025-01-24T15:59:30.260+01:00 DEBUG 35076 --- [    Test worker] o.s.b.f.s.DefaultListableBeanFactory     : Creating shared instance of singleton bean 'org.springframework.boot.autoconfigure.flyway.FlywayAutoConfiguration$FlywayConfiguration'
2025-01-24T15:59:30.288+01:00 DEBUG 35076 --- [    Test worker] o.s.b.f.s.DefaultListableBeanFactory     : Creating shared instance of singleton bean 'spring.flyway-org.springframework.boot.autoconfigure.flyway.FlywayProperties'
2025-01-24T15:59:30.296+01:00 DEBUG 35076 --- [    Test worker] o.s.b.f.s.DefaultListableBeanFactory     : Creating shared instance of singleton bean 'org.springframework.boot.context.properties.BoundConfigurationProperties'
2025-01-24T15:59:30.299+01:00 DEBUG 35076 --- [    Test worker] o.s.b.f.s.DefaultListableBeanFactory     : Creating shared instance of singleton bean 'org.springframework.transaction.config.internalTransactionAdvisor'
2025-01-24T15:59:30.300+01:00 DEBUG 35076 --- [    Test worker] o.s.b.f.s.DefaultListableBeanFactory     : Creating shared instance of singleton bean 'org.springframework.transaction.annotation.ProxyTransactionManagementConfiguration'
2025-01-24T15:59:30.329+01:00 DEBUG 35076 --- [    Test worker] o.s.b.f.s.DefaultListableBeanFactory     : Creating shared instance of singleton bean 'transactionAttributeSource'
2025-01-24T15:59:30.341+01:00 DEBUG 35076 --- [    Test worker] o.s.b.f.s.DefaultListableBeanFactory     : Creating shared instance of singleton bean 'transactionInterceptor'
2025-01-24T15:59:30.345+01:00 DEBUG 35076 --- [    Test worker] o.s.b.f.s.DefaultListableBeanFactory     : Autowiring by type from bean name 'transactionInterceptor' via factory method to bean named 'transactionAttributeSource'
2025-01-24T15:59:30.363+01:00 DEBUG 35076 --- [    Test worker] o.s.b.f.s.DefaultListableBeanFactory     : Autowiring by type from bean name 'org.springframework.transaction.config.internalTransactionAdvisor' via factory method to bean named 'transactionAttributeSource'
2025-01-24T15:59:30.363+01:00 DEBUG 35076 --- [    Test worker] o.s.b.f.s.DefaultListableBeanFactory     : Autowiring by type from bean name 'org.springframework.transaction.config.internalTransactionAdvisor' via factory method to bean named 'transactionInterceptor'
2025-01-24T15:59:30.389+01:00 DEBUG 35076 --- [    Test worker] o.s.b.f.s.DefaultListableBeanFactory     : Creating shared instance of singleton bean 'stringOrNumberMigrationVersionConverter'
2025-01-24T15:59:30.390+01:00 DEBUG 35076 --- [    Test worker] o.s.b.f.s.DefaultListableBeanFactory     : Creating shared instance of singleton bean 'org.springframework.boot.autoconfigure.flyway.FlywayAutoConfiguration'
2025-01-24T15:59:30.455+01:00 DEBUG 35076 --- [    Test worker] o.s.b.f.s.DefaultListableBeanFactory     : Autowiring by type from bean name 'org.springframework.boot.autoconfigure.flyway.FlywayAutoConfiguration$FlywayConfiguration' via constructor to bean named 'spring.flyway-org.springframework.boot.autoconfigure.flyway.FlywayProperties'
2025-01-24T15:59:30.466+01:00 DEBUG 35076 --- [    Test worker] o.s.b.f.s.DefaultListableBeanFactory     : Creating shared instance of singleton bean 'flywayConnectionDetails'
2025-01-24T15:59:30.472+01:00 DEBUG 35076 --- [    Test worker] o.s.b.f.s.DefaultListableBeanFactory     : Creating shared instance of singleton bean 'resourceProviderCustomizer'
2025-01-24T15:59:30.474+01:00 DEBUG 35076 --- [    Test worker] o.s.b.f.s.DefaultListableBeanFactory     : Autowiring by type from bean name 'flyway' via factory method to bean named 'flywayConnectionDetails'
2025-01-24T15:59:30.474+01:00 DEBUG 35076 --- [    Test worker] o.s.b.f.s.DefaultListableBeanFactory     : Autowiring by type from bean name 'flyway' via factory method to bean named 'org.springframework.context.annotation.AnnotationConfigApplicationContext@2c6927f0'
2025-01-24T15:59:30.475+01:00 DEBUG 35076 --- [    Test worker] o.s.b.f.s.DefaultListableBeanFactory     : Autowiring by type from bean name 'flyway' via factory method to bean named 'resourceProviderCustomizer'
2025-01-24T15:59:30.517+01:00 DEBUG 35076 --- [    Test worker] o.s.b.f.s.DefaultListableBeanFactory     : Creating shared instance of singleton bean 'dataSource'
2025-01-24T15:59:30.517+01:00 DEBUG 35076 --- [    Test worker] o.s.b.f.s.DefaultListableBeanFactory     : Creating shared instance of singleton bean 'org.springframework.boot.autoconfigure.jdbc.DataSourceConfiguration$Hikari'
2025-01-24T15:59:30.519+01:00 DEBUG 35076 --- [    Test worker] o.s.b.f.s.DefaultListableBeanFactory     : Creating shared instance of singleton bean 'spring.datasource-org.springframework.boot.autoconfigure.jdbc.DataSourceProperties'
2025-01-24T15:59:30.543+01:00 DEBUG 35076 --- [    Test worker] o.s.b.f.s.DefaultListableBeanFactory     : Creating shared instance of singleton bean 'jdbcConnectionDetails'
2025-01-24T15:59:30.544+01:00 DEBUG 35076 --- [    Test worker] o.s.b.f.s.DefaultListableBeanFactory     : Creating shared instance of singleton bean 'org.springframework.boot.autoconfigure.jdbc.DataSourceAutoConfiguration$PooledDataSourceConfiguration'
2025-01-24T15:59:30.546+01:00 DEBUG 35076 --- [    Test worker] o.s.b.f.s.DefaultListableBeanFactory     : Autowiring by type from bean name 'jdbcConnectionDetails' via factory method to bean named 'spring.datasource-org.springframework.boot.autoconfigure.jdbc.DataSourceProperties'
2025-01-24T15:59:30.549+01:00 DEBUG 35076 --- [    Test worker] o.s.b.f.s.DefaultListableBeanFactory     : Autowiring by type from bean name 'dataSource' via factory method to bean named 'spring.datasource-org.springframework.boot.autoconfigure.jdbc.DataSourceProperties'
2025-01-24T15:59:30.550+01:00 DEBUG 35076 --- [    Test worker] o.s.b.f.s.DefaultListableBeanFactory     : Autowiring by type from bean name 'dataSource' via factory method to bean named 'jdbcConnectionDetails'
2025-01-24T15:59:30.558+01:00 DEBUG 35076 --- [    Test worker] com.zaxxer.hikari.HikariConfig           : Driver class org.h2.Driver found in Thread context class loader jdk.internal.loader.ClassLoaders$AppClassLoader@5a07e868
2025-01-24T15:59:30.991+01:00 DEBUG 35076 --- [    Test worker] o.s.b.f.s.DefaultListableBeanFactory     : Creating shared instance of singleton bean 'flywayInitializer'
2025-01-24T15:59:30.993+01:00 DEBUG 35076 --- [    Test worker] o.s.b.f.s.DefaultListableBeanFactory     : Autowiring by type from bean name 'flywayInitializer' via factory method to bean named 'flyway'
2025-01-24T15:59:31.021+01:00 DEBUG 35076 --- [    Test worker] o.f.c.i.s.classpath.ClassPathScanner     : Scanning for classpath resources at 'classpath:db/callback' ...
2025-01-24T15:59:31.022+01:00 DEBUG 35076 --- [    Test worker] o.f.c.i.s.classpath.ClassPathScanner     : Determining location urls for classpath:db/callback using ClassLoader jdk.internal.loader.ClassLoaders$AppClassLoader@5a07e868 ...
2025-01-24T15:59:31.022+01:00 DEBUG 35076 --- [    Test worker] o.f.c.i.s.classpath.ClassPathScanner     : Unable to resolve location classpath:db/callback.
2025-01-24T15:59:31.022+01:00 DEBUG 35076 --- [    Test worker] o.f.c.i.s.classpath.ClassPathScanner     : Scanning for classpath resources at 'classpath:db/migration' ...
2025-01-24T15:59:31.023+01:00 DEBUG 35076 --- [    Test worker] o.f.c.i.s.classpath.ClassPathScanner     : Determining location urls for classpath:db/migration using ClassLoader jdk.internal.loader.ClassLoaders$AppClassLoader@5a07e868 ...
2025-01-24T15:59:31.024+01:00 DEBUG 35076 --- [    Test worker] o.f.c.i.s.classpath.ClassPathScanner     : Scanning URL: file:/C:/Users/svenv/Desktop/workspace/blue-harvest/build/resources/main/db/migration
2025-01-24T15:59:31.029+01:00 DEBUG 35076 --- [    Test worker] i.s.c.FileSystemClassPathLocationScanner : Scanning starting at classpath root in filesystem: C:\Users\svenv\Desktop\workspace\blue-harvest\build\resources\main\
2025-01-24T15:59:31.029+01:00 DEBUG 35076 --- [    Test worker] i.s.c.FileSystemClassPathLocationScanner : Scanning for resources in path: C:\Users\svenv\Desktop\workspace\blue-harvest\build\resources\main\db\migration (db/migration)
2025-01-24T15:59:31.035+01:00 DEBUG 35076 --- [    Test worker] o.f.c.i.s.classpath.ClassPathScanner     : Found resource: db/migration/V1.0.0__initial.sql
2025-01-24T15:59:31.035+01:00 DEBUG 35076 --- [    Test worker] o.f.c.i.s.classpath.ClassPathScanner     : Scanning for classes at classpath:db/migration
2025-01-24T15:59:31.046+01:00 DEBUG 35076 --- [    Test worker] com.zaxxer.hikari.HikariConfig           : HikariPool-1 - configuration:
2025-01-24T15:59:31.054+01:00 DEBUG 35076 --- [    Test worker] com.zaxxer.hikari.HikariConfig           : allowPoolSuspension.............false
2025-01-24T15:59:31.054+01:00 DEBUG 35076 --- [    Test worker] com.zaxxer.hikari.HikariConfig           : autoCommit......................true
2025-01-24T15:59:31.055+01:00 DEBUG 35076 --- [    Test worker] com.zaxxer.hikari.HikariConfig           : catalog.........................none
2025-01-24T15:59:31.055+01:00 DEBUG 35076 --- [    Test worker] com.zaxxer.hikari.HikariConfig           : connectionInitSql...............none
2025-01-24T15:59:31.056+01:00 DEBUG 35076 --- [    Test worker] com.zaxxer.hikari.HikariConfig           : connectionTestQuery.............none
2025-01-24T15:59:31.058+01:00 DEBUG 35076 --- [    Test worker] com.zaxxer.hikari.HikariConfig           : connectionTimeout...............30000
2025-01-24T15:59:31.059+01:00 DEBUG 35076 --- [    Test worker] com.zaxxer.hikari.HikariConfig           : dataSource......................none
2025-01-24T15:59:31.060+01:00 DEBUG 35076 --- [    Test worker] com.zaxxer.hikari.HikariConfig           : dataSourceClassName.............none
2025-01-24T15:59:31.061+01:00 DEBUG 35076 --- [    Test worker] com.zaxxer.hikari.HikariConfig           : dataSourceJNDI..................none
2025-01-24T15:59:31.063+01:00 DEBUG 35076 --- [    Test worker] com.zaxxer.hikari.HikariConfig           : dataSourceProperties............{password=<masked>}
2025-01-24T15:59:31.064+01:00 DEBUG 35076 --- [    Test worker] com.zaxxer.hikari.HikariConfig           : driverClassName................."org.h2.Driver"
2025-01-24T15:59:31.064+01:00 DEBUG 35076 --- [    Test worker] com.zaxxer.hikari.HikariConfig           : exceptionOverrideClassName......none
2025-01-24T15:59:31.065+01:00 DEBUG 35076 --- [    Test worker] com.zaxxer.hikari.HikariConfig           : healthCheckProperties...........{}
2025-01-24T15:59:31.065+01:00 DEBUG 35076 --- [    Test worker] com.zaxxer.hikari.HikariConfig           : healthCheckRegistry.............none
2025-01-24T15:59:31.066+01:00 DEBUG 35076 --- [    Test worker] com.zaxxer.hikari.HikariConfig           : idleTimeout.....................600000
2025-01-24T15:59:31.067+01:00 DEBUG 35076 --- [    Test worker] com.zaxxer.hikari.HikariConfig           : initializationFailTimeout.......1
2025-01-24T15:59:31.067+01:00 DEBUG 35076 --- [    Test worker] com.zaxxer.hikari.HikariConfig           : isolateInternalQueries..........false
2025-01-24T15:59:31.068+01:00 DEBUG 35076 --- [    Test worker] com.zaxxer.hikari.HikariConfig           : jdbcUrl.........................jdbc:h2:mem:bh;NON_KEYWORDS=user
2025-01-24T15:59:31.069+01:00 DEBUG 35076 --- [    Test worker] com.zaxxer.hikari.HikariConfig           : keepaliveTime...................0
2025-01-24T15:59:31.070+01:00 DEBUG 35076 --- [    Test worker] com.zaxxer.hikari.HikariConfig           : leakDetectionThreshold..........0
2025-01-24T15:59:31.071+01:00 DEBUG 35076 --- [    Test worker] com.zaxxer.hikari.HikariConfig           : maxLifetime.....................1800000
2025-01-24T15:59:31.071+01:00 DEBUG 35076 --- [    Test worker] com.zaxxer.hikari.HikariConfig           : maximumPoolSize.................10
2025-01-24T15:59:31.072+01:00 DEBUG 35076 --- [    Test worker] com.zaxxer.hikari.HikariConfig           : metricRegistry..................none
2025-01-24T15:59:31.072+01:00 DEBUG 35076 --- [    Test worker] com.zaxxer.hikari.HikariConfig           : metricsTrackerFactory...........none
2025-01-24T15:59:31.073+01:00 DEBUG 35076 --- [    Test worker] com.zaxxer.hikari.HikariConfig           : minimumIdle.....................10
2025-01-24T15:59:31.074+01:00 DEBUG 35076 --- [    Test worker] com.zaxxer.hikari.HikariConfig           : password........................<masked>
2025-01-24T15:59:31.075+01:00 DEBUG 35076 --- [    Test worker] com.zaxxer.hikari.HikariConfig           : poolName........................"HikariPool-1"
2025-01-24T15:59:31.075+01:00 DEBUG 35076 --- [    Test worker] com.zaxxer.hikari.HikariConfig           : readOnly........................false
2025-01-24T15:59:31.076+01:00 DEBUG 35076 --- [    Test worker] com.zaxxer.hikari.HikariConfig           : registerMbeans..................false
2025-01-24T15:59:31.077+01:00 DEBUG 35076 --- [    Test worker] com.zaxxer.hikari.HikariConfig           : scheduledExecutor...............none
2025-01-24T15:59:31.077+01:00 DEBUG 35076 --- [    Test worker] com.zaxxer.hikari.HikariConfig           : schema..........................none
2025-01-24T15:59:31.078+01:00 DEBUG 35076 --- [    Test worker] com.zaxxer.hikari.HikariConfig           : threadFactory...................internal
2025-01-24T15:59:31.078+01:00 DEBUG 35076 --- [    Test worker] com.zaxxer.hikari.HikariConfig           : transactionIsolation............default
2025-01-24T15:59:31.079+01:00 DEBUG 35076 --- [    Test worker] com.zaxxer.hikari.HikariConfig           : username........................"sa"
2025-01-24T15:59:31.079+01:00 DEBUG 35076 --- [    Test worker] com.zaxxer.hikari.HikariConfig           : validationTimeout...............5000
2025-01-24T15:59:31.079+01:00  INFO 35076 --- [    Test worker] com.zaxxer.hikari.HikariDataSource       : HikariPool-1 - Starting...
2025-01-24T15:59:31.811+01:00  INFO 35076 --- [    Test worker] com.zaxxer.hikari.pool.HikariPool        : HikariPool-1 - Added connection conn0: url=jdbc:h2:mem:bh user=SA
2025-01-24T15:59:31.817+01:00  INFO 35076 --- [    Test worker] com.zaxxer.hikari.HikariDataSource       : HikariPool-1 - Start completed.
2025-01-24T15:59:31.864+01:00 DEBUG 35076 --- [    Test worker] o.f.c.i.resource.ResourceNameValidator   : Validating V1.0.0__initial.sql
2025-01-24T15:59:31.920+01:00 DEBUG 35076 --- [l-1 housekeeper] com.zaxxer.hikari.pool.HikariPool        : HikariPool-1 - Pool stats (total=1, active=1, idle=0, waiting=0)
2025-01-24T15:59:31.923+01:00 DEBUG 35076 --- [onnection adder] com.zaxxer.hikari.pool.HikariPool        : HikariPool-1 - Added connection conn1: url=jdbc:h2:mem:bh user=SA
2025-01-24T15:59:31.967+01:00 DEBUG 35076 --- [onnection adder] com.zaxxer.hikari.pool.HikariPool        : HikariPool-1 - After adding stats (total=2, active=1, idle=1, waiting=0)
2025-01-24T15:59:31.969+01:00 DEBUG 35076 --- [onnection adder] com.zaxxer.hikari.pool.HikariPool        : HikariPool-1 - Added connection conn2: url=jdbc:h2:mem:bh user=SA
2025-01-24T15:59:31.995+01:00  INFO 35076 --- [    Test worker] org.flywaydb.core.FlywayExecutor         : Database: jdbc:h2:mem:bh (H2 2.3)
2025-01-24T15:59:31.995+01:00 DEBUG 35076 --- [    Test worker] org.flywaydb.core.FlywayExecutor         : Database Type: H2
2025-01-24T15:59:31.996+01:00 DEBUG 35076 --- [    Test worker] org.flywaydb.core.FlywayExecutor         : Driver: H2 JDBC Driver 2.3.232 (2024-08-11)
2025-01-24T15:59:31.996+01:00 DEBUG 35076 --- [    Test worker] org.flywaydb.core.FlywayExecutor         : DDL Transactions Supported: false
2025-01-24T15:59:32.001+01:00 DEBUG 35076 --- [    Test worker] o.f.c.i.s.SchemaHistoryFactory           : Schemas: BLUEHARVEST
2025-01-24T15:59:32.002+01:00 DEBUG 35076 --- [    Test worker] o.f.c.i.s.SchemaHistoryFactory           : Default schema: BLUEHARVEST
2025-01-24T15:59:32.013+01:00 DEBUG 35076 --- [onnection adder] com.zaxxer.hikari.pool.HikariPool        : HikariPool-1 - After adding stats (total=3, active=1, idle=2, waiting=0)
2025-01-24T15:59:32.015+01:00 DEBUG 35076 --- [onnection adder] com.zaxxer.hikari.pool.HikariPool        : HikariPool-1 - Added connection conn3: url=jdbc:h2:mem:bh user=SA
2025-01-24T15:59:32.018+01:00 DEBUG 35076 --- [    Test worker] org.flywaydb.core.FlywayExecutor         : Scanning for script callbacks ...
2025-01-24T15:59:32.024+01:00 DEBUG 35076 --- [    Test worker] o.f.c.i.c.SqlScriptCallbackFactory       : Scanning for SQL callbacks ...
2025-01-24T15:59:32.059+01:00 DEBUG 35076 --- [onnection adder] com.zaxxer.hikari.pool.HikariPool        : HikariPool-1 - After adding stats (total=4, active=1, idle=3, waiting=0)
2025-01-24T15:59:32.061+01:00 DEBUG 35076 --- [onnection adder] com.zaxxer.hikari.pool.HikariPool        : HikariPool-1 - Added connection conn4: url=jdbc:h2:mem:bh user=SA
2025-01-24T15:59:32.066+01:00 DEBUG 35076 --- [    Test worker] o.f.core.internal.scanner.Scanner        : Filtering out resource: db/migration/V1.0.0__initial.sql (filename: V1.0.0__initial.sql)
2025-01-24T15:59:32.068+01:00 DEBUG 35076 --- [    Test worker] o.f.core.internal.scanner.Scanner        : Filtering out resource: db/migration/V1.0.0__initial.sql (filename: V1.0.0__initial.sql)
2025-01-24T15:59:32.072+01:00 DEBUG 35076 --- [    Test worker] o.f.core.internal.scanner.Scanner        : Filtering out resource: db/migration/V1.0.0__initial.sql (filename: V1.0.0__initial.sql)
2025-01-24T15:59:32.072+01:00 DEBUG 35076 --- [    Test worker] o.f.core.internal.scanner.Scanner        : Filtering out resource: db/migration/V1.0.0__initial.sql (filename: V1.0.0__initial.sql)
2025-01-24T15:59:32.084+01:00 DEBUG 35076 --- [    Test worker] o.f.core.internal.command.DbSchemas      : Creating schema: "BLUEHARVEST"
2025-01-24T15:59:32.085+01:00  INFO 35076 --- [    Test worker] o.f.core.internal.database.base.Schema   : Creating schema "BLUEHARVEST" ...
2025-01-24T15:59:32.096+01:00  INFO 35076 --- [    Test worker] o.f.c.i.s.JdbcTableSchemaHistory         : Creating Schema History table "BLUEHARVEST"."flyway_schema_history" ...
2025-01-24T15:59:32.106+01:00 DEBUG 35076 --- [onnection adder] com.zaxxer.hikari.pool.HikariPool        : HikariPool-1 - After adding stats (total=5, active=1, idle=4, waiting=0)
2025-01-24T15:59:32.108+01:00 DEBUG 35076 --- [onnection adder] com.zaxxer.hikari.pool.HikariPool        : HikariPool-1 - Added connection conn5: url=jdbc:h2:mem:bh user=SA
2025-01-24T15:59:32.109+01:00 DEBUG 35076 --- [    Test worker] o.flywaydb.core.internal.parser.Parser   : Parsing  ...
2025-01-24T15:59:32.132+01:00 DEBUG 35076 --- [    Test worker] o.f.c.i.sqlscript.ParserSqlScript        : Found statement at line 1: CREATE TABLE IF NOT EXISTS "BLUEHARVEST"."flyway_schema_history" (
    "installed_rank" INT NOT NULL,
    "version" VARCHAR(50),
    "description" VARCHAR(200) NOT NULL,
    "type" VARCHAR(20) NOT NULL,
    "script" VARCHAR(1000) NOT NULL,
    "checksum" INT,
    "installed_by" VARCHAR(100) NOT NULL,
    "installed_on" TIMESTAMP NOT NULL DEFAULT CURRENT_TIMESTAMP,
    "execution_time" INT NOT NULL,
    "success" BOOLEAN NOT NULL,
    CONSTRAINT "flyway_schema_history_pk" PRIMARY KEY ("installed_rank")
) AS SELECT -1, NULL, '<< Flyway Schema History table created >>', 'TABLE', '', NULL, 'SA', CURRENT_TIMESTAMP, 0, TRUE
2025-01-24T15:59:32.134+01:00 DEBUG 35076 --- [    Test worker] o.f.c.i.sqlscript.ParserSqlScript        : Found statement at line 14: CREATE INDEX "BLUEHARVEST"."flyway_schema_history_s_idx" ON "BLUEHARVEST"."flyway_schema_history" ("success")
2025-01-24T15:59:32.138+01:00 DEBUG 35076 --- [    Test worker] o.f.c.i.s.DefaultSqlScriptExecutor       : Executing SQL: CREATE TABLE IF NOT EXISTS "BLUEHARVEST"."flyway_schema_history" (
    "installed_rank" INT NOT NULL,
    "version" VARCHAR(50),
    "description" VARCHAR(200) NOT NULL,
    "type" VARCHAR(20) NOT NULL,
    "script" VARCHAR(1000) NOT NULL,
    "checksum" INT,
    "installed_by" VARCHAR(100) NOT NULL,
    "installed_on" TIMESTAMP NOT NULL DEFAULT CURRENT_TIMESTAMP,
    "execution_time" INT NOT NULL,
    "success" BOOLEAN NOT NULL,
    CONSTRAINT "flyway_schema_history_pk" PRIMARY KEY ("installed_rank")
) AS SELECT -1, NULL, '<< Flyway Schema History table created >>', 'TABLE', '', NULL, 'SA', CURRENT_TIMESTAMP, 0, TRUE
2025-01-24T15:59:32.152+01:00 DEBUG 35076 --- [onnection adder] com.zaxxer.hikari.pool.HikariPool        : HikariPool-1 - After adding stats (total=6, active=1, idle=5, waiting=0)
2025-01-24T15:59:32.154+01:00 DEBUG 35076 --- [onnection adder] com.zaxxer.hikari.pool.HikariPool        : HikariPool-1 - Added connection conn6: url=jdbc:h2:mem:bh user=SA
2025-01-24T15:59:32.166+01:00 DEBUG 35076 --- [    Test worker] o.f.c.i.s.DefaultSqlScriptExecutor       : 0 rows affected
2025-01-24T15:59:32.167+01:00 DEBUG 35076 --- [    Test worker] o.f.c.i.s.DefaultSqlScriptExecutor       : Executing SQL: CREATE INDEX "BLUEHARVEST"."flyway_schema_history_s_idx" ON "BLUEHARVEST"."flyway_schema_history" ("success")
2025-01-24T15:59:32.173+01:00 DEBUG 35076 --- [    Test worker] o.f.c.i.s.DefaultSqlScriptExecutor       : 0 rows affected
2025-01-24T15:59:32.174+01:00 DEBUG 35076 --- [    Test worker] o.f.c.i.s.JdbcTableSchemaHistory         : Created Schema History table "BLUEHARVEST"."flyway_schema_history"
2025-01-24T15:59:32.197+01:00 DEBUG 35076 --- [    Test worker] o.f.c.i.s.JdbcTableSchemaHistory         : Schema History table "BLUEHARVEST"."flyway_schema_history" successfully updated to reflect changes
2025-01-24T15:59:32.199+01:00 DEBUG 35076 --- [onnection adder] com.zaxxer.hikari.pool.HikariPool        : HikariPool-1 - After adding stats (total=7, active=1, idle=6, waiting=0)
2025-01-24T15:59:32.202+01:00 DEBUG 35076 --- [onnection adder] com.zaxxer.hikari.pool.HikariPool        : HikariPool-1 - Added connection conn7: url=jdbc:h2:mem:bh user=SA
2025-01-24T15:59:32.214+01:00 DEBUG 35076 --- [    Test worker] o.f.c.a.c.ClassicConfiguration           : CherryPickConfigurationExtension not found
2025-01-24T15:59:32.227+01:00  INFO 35076 --- [    Test worker] o.f.core.internal.command.DbMigrate      : Current version of schema "BLUEHARVEST": null
2025-01-24T15:59:32.230+01:00 DEBUG 35076 --- [    Test worker] o.flywaydb.core.internal.parser.Parser   : Parsing V1.0.0__initial.sql ...
2025-01-24T15:59:32.234+01:00 DEBUG 35076 --- [    Test worker] o.f.c.i.sqlscript.ParserSqlScript        : Found statement at line 1: CREATE SCHEMA IF NOT EXISTS BLUEHARVEST
2025-01-24T15:59:32.236+01:00 DEBUG 35076 --- [    Test worker] o.f.c.i.sqlscript.ParserSqlScript        : Found statement at line 2: create table user (
    user_id uuid,
    name varchar(40) not null,
    primary key (user_id)
)
2025-01-24T15:59:32.240+01:00 DEBUG 35076 --- [    Test worker] o.f.c.i.sqlscript.ParserSqlScript        : Found statement at line 9: create table account (
    account_id uuid,
    short_name varchar(20) not null,
    description varchar(50) not null,
    balance numeric (6,2) not null,
    primary key (account_id)
)
2025-01-24T15:59:32.241+01:00 DEBUG 35076 --- [    Test worker] o.f.c.i.sqlscript.ParserSqlScript        : Found statement at line 17: create sequence transaction_id_seq start with 1 increment by 1
2025-01-24T15:59:32.243+01:00 DEBUG 35076 --- [    Test worker] o.f.c.i.sqlscript.ParserSqlScript        : Found statement at line 19: create table transaction (
    id bigint,
    name varchar(40),
    amount numeric(6.2),
    primary key (id)
)
2025-01-24T15:59:32.245+01:00 DEBUG 35076 --- [onnection adder] com.zaxxer.hikari.pool.HikariPool        : HikariPool-1 - After adding stats (total=8, active=2, idle=6, waiting=0)
2025-01-24T15:59:32.249+01:00 DEBUG 35076 --- [onnection adder] com.zaxxer.hikari.pool.HikariPool        : HikariPool-1 - Added connection conn8: url=jdbc:h2:mem:bh user=SA
2025-01-24T15:59:32.251+01:00 DEBUG 35076 --- [    Test worker] o.f.core.internal.command.DbMigrate      : Starting migration of schema "BLUEHARVEST" to version "1.0.0 - initial" ...
2025-01-24T15:59:32.253+01:00  INFO 35076 --- [    Test worker] o.f.core.internal.command.DbMigrate      : Migrating schema "BLUEHARVEST" to version "1.0.0 - initial"
2025-01-24T15:59:32.257+01:00 DEBUG 35076 --- [    Test worker] o.f.c.i.s.DefaultSqlScriptExecutor       : Executing SQL: CREATE SCHEMA IF NOT EXISTS BLUEHARVEST
2025-01-24T15:59:32.259+01:00 DEBUG 35076 --- [    Test worker] o.f.c.i.s.DefaultSqlScriptExecutor       : 0 rows affected
2025-01-24T15:59:32.259+01:00 DEBUG 35076 --- [    Test worker] o.f.c.i.s.DefaultSqlScriptExecutor       : Executing SQL: create table user (
    user_id uuid,
    name varchar(40) not null,
    primary key (user_id)
)
2025-01-24T15:59:32.263+01:00 DEBUG 35076 --- [    Test worker] o.f.c.i.s.DefaultSqlScriptExecutor       : 0 rows affected
2025-01-24T15:59:32.264+01:00 DEBUG 35076 --- [    Test worker] o.f.c.i.s.DefaultSqlScriptExecutor       : Executing SQL: create table account (
    account_id uuid,
    short_name varchar(20) not null,
    description varchar(50) not null,
    balance numeric (6,2) not null,
    primary key (account_id)
)
2025-01-24T15:59:32.268+01:00 DEBUG 35076 --- [    Test worker] o.f.c.i.s.DefaultSqlScriptExecutor       : 0 rows affected
2025-01-24T15:59:32.268+01:00 DEBUG 35076 --- [    Test worker] o.f.c.i.s.DefaultSqlScriptExecutor       : Executing SQL: create sequence transaction_id_seq start with 1 increment by 1
2025-01-24T15:59:32.274+01:00 DEBUG 35076 --- [    Test worker] o.f.c.i.s.DefaultSqlScriptExecutor       : 0 rows affected
2025-01-24T15:59:32.274+01:00 DEBUG 35076 --- [    Test worker] o.f.c.i.s.DefaultSqlScriptExecutor       : Executing SQL: create table transaction (
    id bigint,
    name varchar(40),
    amount numeric(6.2),
    primary key (id)
)
2025-01-24T15:59:32.279+01:00 DEBUG 35076 --- [    Test worker] o.f.c.i.s.DefaultSqlScriptExecutor       : 0 rows affected
2025-01-24T15:59:32.279+01:00 DEBUG 35076 --- [    Test worker] o.f.core.internal.command.DbMigrate      : Successfully completed migration of schema "BLUEHARVEST" to version "1.0.0 - initial"
2025-01-24T15:59:32.283+01:00 DEBUG 35076 --- [    Test worker] o.f.c.i.s.JdbcTableSchemaHistory         : Schema History table "BLUEHARVEST"."flyway_schema_history" successfully updated to reflect changes
2025-01-24T15:59:32.286+01:00 DEBUG 35076 --- [    Test worker] o.f.c.a.c.ClassicConfiguration           : CherryPickConfigurationExtension not found
2025-01-24T15:59:32.292+01:00 DEBUG 35076 --- [onnection adder] com.zaxxer.hikari.pool.HikariPool        : HikariPool-1 - After adding stats (total=9, active=2, idle=7, waiting=0)
2025-01-24T15:59:32.293+01:00 DEBUG 35076 --- [onnection adder] com.zaxxer.hikari.pool.HikariPool        : HikariPool-1 - Added connection conn9: url=jdbc:h2:mem:bh user=SA
2025-01-24T15:59:32.297+01:00  INFO 35076 --- [    Test worker] o.f.core.internal.command.DbMigrate      : Successfully applied 1 migration to schema "BLUEHARVEST", now at version v1.0.0 (execution time 00:00.028s)
2025-01-24T15:59:32.310+01:00 DEBUG 35076 --- [    Test worker] org.flywaydb.core.FlywayExecutor         : Memory usage: 49 of 68M
2025-01-24T15:59:32.311+01:00 DEBUG 35076 --- [    Test worker] o.s.b.f.s.DefaultListableBeanFactory     : Creating shared instance of singleton bean 'dataSourceScriptDatabaseInitializer'
2025-01-24T15:59:32.312+01:00 DEBUG 35076 --- [    Test worker] o.s.b.f.s.DefaultListableBeanFactory     : Creating shared instance of singleton bean 'org.springframework.boot.autoconfigure.sql.init.DataSourceInitializationConfiguration'
2025-01-24T15:59:32.315+01:00 DEBUG 35076 --- [    Test worker] o.s.b.f.s.DefaultListableBeanFactory     : Creating shared instance of singleton bean 'spring.sql.init-org.springframework.boot.autoconfigure.sql.init.SqlInitializationProperties'
2025-01-24T15:59:32.323+01:00 DEBUG 35076 --- [    Test worker] o.s.b.f.s.DefaultListableBeanFactory     : Autowiring by type from bean name 'dataSourceScriptDatabaseInitializer' via factory method to bean named 'dataSource'
2025-01-24T15:59:32.323+01:00 DEBUG 35076 --- [    Test worker] o.s.b.f.s.DefaultListableBeanFactory     : Autowiring by type from bean name 'dataSourceScriptDatabaseInitializer' via factory method to bean named 'spring.sql.init-org.springframework.boot.autoconfigure.sql.init.SqlInitializationProperties'
2025-01-24T15:59:32.335+01:00 DEBUG 35076 --- [    Test worker] o.s.b.f.s.DefaultListableBeanFactory     : Creating shared instance of singleton bean 'entityManagerFactory'
2025-01-24T15:59:32.336+01:00 DEBUG 35076 --- [    Test worker] o.s.b.f.s.DefaultListableBeanFactory     : Creating shared instance of singleton bean 'org.springframework.boot.autoconfigure.orm.jpa.HibernateJpaConfiguration'
2025-01-24T15:59:32.337+01:00 DEBUG 35076 --- [onnection adder] com.zaxxer.hikari.pool.HikariPool        : HikariPool-1 - After adding stats (total=10, active=0, idle=10, waiting=0)
2025-01-24T15:59:32.339+01:00 DEBUG 35076 --- [onnection adder] com.zaxxer.hikari.pool.HikariPool        : HikariPool-1 - Connection not added, stats (total=10, active=0, idle=10, waiting=0)
2025-01-24T15:59:32.342+01:00 DEBUG 35076 --- [    Test worker] o.s.b.f.s.DefaultListableBeanFactory     : Creating shared instance of singleton bean 'spring.jpa-org.springframework.boot.autoconfigure.orm.jpa.JpaProperties'
2025-01-24T15:59:32.352+01:00 DEBUG 35076 --- [    Test worker] o.s.b.f.s.DefaultListableBeanFactory     : Creating shared instance of singleton bean 'spring.jpa.hibernate-org.springframework.boot.autoconfigure.orm.jpa.HibernateProperties'
2025-01-24T15:59:32.357+01:00 DEBUG 35076 --- [    Test worker] o.s.b.f.s.DefaultListableBeanFactory     : Autowiring by type from bean name 'org.springframework.boot.autoconfigure.orm.jpa.HibernateJpaConfiguration' via constructor to bean named 'dataSource'
2025-01-24T15:59:32.358+01:00 DEBUG 35076 --- [    Test worker] o.s.b.f.s.DefaultListableBeanFactory     : Autowiring by type from bean name 'org.springframework.boot.autoconfigure.orm.jpa.HibernateJpaConfiguration' via constructor to bean named 'spring.jpa-org.springframework.boot.autoconfigure.orm.jpa.JpaProperties'
2025-01-24T15:59:32.358+01:00 DEBUG 35076 --- [    Test worker] o.s.b.f.s.DefaultListableBeanFactory     : Autowiring by type from bean name 'org.springframework.boot.autoconfigure.orm.jpa.HibernateJpaConfiguration' via constructor to bean named 'org.springframework.beans.factory.support.DefaultListableBeanFactory@398694a6'
2025-01-24T15:59:32.358+01:00 DEBUG 35076 --- [    Test worker] o.s.b.f.s.DefaultListableBeanFactory     : Autowiring by type from bean name 'org.springframework.boot.autoconfigure.orm.jpa.HibernateJpaConfiguration' via constructor to bean named 'spring.jpa.hibernate-org.springframework.boot.autoconfigure.orm.jpa.HibernateProperties'
2025-01-24T15:59:32.365+01:00 DEBUG 35076 --- [    Test worker] o.s.b.f.s.DefaultListableBeanFactory     : Creating shared instance of singleton bean 'hikariPoolDataSourceMetadataProvider'
2025-01-24T15:59:32.365+01:00 DEBUG 35076 --- [    Test worker] o.s.b.f.s.DefaultListableBeanFactory     : Creating shared instance of singleton bean 'org.springframework.boot.autoconfigure.jdbc.metadata.DataSourcePoolMetadataProvidersConfiguration$HikariPoolDataSourceMetadataProviderConfiguration'
2025-01-24T15:59:32.377+01:00 DEBUG 35076 --- [    Test worker] o.s.b.f.s.DefaultListableBeanFactory     : Creating shared instance of singleton bean 'entityManagerFactoryBuilder'
2025-01-24T15:59:32.379+01:00 DEBUG 35076 --- [    Test worker] o.s.b.f.s.DefaultListableBeanFactory     : Creating shared instance of singleton bean 'jpaVendorAdapter'
2025-01-24T15:59:32.417+01:00 DEBUG 35076 --- [    Test worker] o.s.b.f.s.DefaultListableBeanFactory     : Autowiring by type from bean name 'entityManagerFactoryBuilder' via factory method to bean named 'jpaVendorAdapter'
2025-01-24T15:59:32.426+01:00 DEBUG 35076 --- [    Test worker] o.s.b.f.s.DefaultListableBeanFactory     : Creating shared instance of singleton bean 'persistenceManagedTypes'
2025-01-24T15:59:32.428+01:00 DEBUG 35076 --- [    Test worker] o.s.b.f.s.DefaultListableBeanFactory     : Autowiring by type from bean name 'persistenceManagedTypes' via factory method to bean named 'org.springframework.beans.factory.support.DefaultListableBeanFactory@398694a6'
2025-01-24T15:59:32.428+01:00 DEBUG 35076 --- [    Test worker] o.s.b.f.s.DefaultListableBeanFactory     : Autowiring by type from bean name 'persistenceManagedTypes' via factory method to bean named 'org.springframework.context.annotation.AnnotationConfigApplicationContext@2c6927f0'
2025-01-24T15:59:32.447+01:00 DEBUG 35076 --- [    Test worker] o.s.b.f.s.DefaultListableBeanFactory     : Autowiring by type from bean name 'entityManagerFactory' via factory method to bean named 'entityManagerFactoryBuilder'
2025-01-24T15:59:32.447+01:00 DEBUG 35076 --- [    Test worker] o.s.b.f.s.DefaultListableBeanFactory     : Autowiring by type from bean name 'entityManagerFactory' via factory method to bean named 'persistenceManagedTypes'
2025-01-24T15:59:32.503+01:00 DEBUG 35076 --- [    Test worker] j.LocalContainerEntityManagerFactoryBean : Building JPA container EntityManagerFactory for persistence unit 'default'
2025-01-24T15:59:32.553+01:00 DEBUG 35076 --- [    Test worker] o.hibernate.jpa.internal.util.LogHelper  : PersistenceUnitInfo [
	name: default
	persistence provider classname: null
	classloader: jdk.internal.loader.ClassLoaders$AppClassLoader@5a07e868
	excludeUnlistedClasses: true
	JTA datasource: null
	Non JTA datasource: HikariDataSource (HikariPool-1)
	Transaction type: RESOURCE_LOCAL
	PU root URL: file:/C:/Users/svenv/Desktop/workspace/blue-harvest/build/classes/java/test/
	Shared Cache Mode: UNSPECIFIED
	Validation Mode: AUTO
	Jar files URLs []
	Managed classes names [
		com.blueharvest.spi.Account
		com.blueharvest.spi.Transaction
		com.blueharvest.spi.User]
	Mapping files names []
	Properties []
2025-01-24T15:59:32.589+01:00 DEBUG 35076 --- [    Test worker] o.h.i.internal.IntegratorServiceImpl     : Adding Integrator [org.hibernate.boot.beanvalidation.BeanValidationIntegrator].
2025-01-24T15:59:32.594+01:00 DEBUG 35076 --- [    Test worker] o.h.i.internal.IntegratorServiceImpl     : Adding Integrator [org.hibernate.cache.internal.CollectionCacheInvalidator].
2025-01-24T15:59:32.741+01:00  INFO 35076 --- [    Test worker] org.hibernate.Version                    : HHH000412: Hibernate ORM core version 6.5.3.Final
2025-01-24T15:59:32.745+01:00 DEBUG 35076 --- [    Test worker] org.hibernate.cfg.Environment            : HHH000206: 'hibernate.properties' not found
2025-01-24T15:59:32.813+01:00 DEBUG 35076 --- [    Test worker] org.hibernate.orm.idgen.factory          : Registering IdentifierGenerator strategy [uuid2] -> [org.hibernate.id.UUIDGenerator]
2025-01-24T15:59:32.814+01:00 DEBUG 35076 --- [    Test worker] org.hibernate.orm.idgen.factory          : Registering IdentifierGenerator strategy [guid] -> [org.hibernate.id.GUIDGenerator]
2025-01-24T15:59:32.817+01:00 DEBUG 35076 --- [    Test worker] org.hibernate.orm.idgen.factory          : Registering IdentifierGenerator strategy [uuid] -> [org.hibernate.id.UUIDHexGenerator]
2025-01-24T15:59:32.818+01:00 DEBUG 35076 --- [    Test worker] org.hibernate.orm.idgen.factory          : Registering IdentifierGenerator strategy [uuid.hex] -> [org.hibernate.id.UUIDHexGenerator]
2025-01-24T15:59:32.819+01:00 DEBUG 35076 --- [    Test worker] org.hibernate.orm.idgen.factory          : Registering IdentifierGenerator strategy [assigned] -> [org.hibernate.id.Assigned]
2025-01-24T15:59:32.824+01:00 DEBUG 35076 --- [    Test worker] org.hibernate.orm.idgen.factory          : Registering IdentifierGenerator strategy [identity] -> [org.hibernate.id.IdentityGenerator]
2025-01-24T15:59:32.825+01:00 DEBUG 35076 --- [    Test worker] org.hibernate.orm.idgen.factory          : Registering IdentifierGenerator strategy [select] -> [org.hibernate.id.SelectGenerator]
2025-01-24T15:59:32.830+01:00 DEBUG 35076 --- [    Test worker] org.hibernate.orm.idgen.factory          : Registering IdentifierGenerator strategy [sequence] -> [org.hibernate.id.enhanced.SequenceStyleGenerator]
2025-01-24T15:59:32.833+01:00 DEBUG 35076 --- [    Test worker] org.hibernate.orm.idgen.factory          : Registering IdentifierGenerator strategy [increment] -> [org.hibernate.id.IncrementGenerator]
2025-01-24T15:59:32.835+01:00 DEBUG 35076 --- [    Test worker] org.hibernate.orm.idgen.factory          : Registering IdentifierGenerator strategy [foreign] -> [org.hibernate.id.ForeignGenerator]
2025-01-24T15:59:32.835+01:00 DEBUG 35076 --- [    Test worker] org.hibernate.orm.idgen.factory          : Registering IdentifierGenerator strategy [enhanced-sequence] -> [org.hibernate.id.enhanced.SequenceStyleGenerator]
2025-01-24T15:59:32.841+01:00 DEBUG 35076 --- [    Test worker] org.hibernate.orm.idgen.factory          : Registering IdentifierGenerator strategy [enhanced-table] -> [org.hibernate.id.enhanced.TableGenerator]
2025-01-24T15:59:32.858+01:00 DEBUG 35076 --- [    Test worker] o.h.c.internal.RegionFactoryInitiator    : Cannot default RegionFactory based on registered strategies as `[]` RegionFactory strategies were registered
2025-01-24T15:59:32.861+01:00  INFO 35076 --- [    Test worker] o.h.c.internal.RegionFactoryInitiator    : HHH000026: Second-level cache disabled
2025-01-24T15:59:33.101+01:00 DEBUG 35076 --- [    Test worker] org.hibernate.type.BasicTypeRegistry     : Adding type registration boolean -> org.hibernate.type.BasicTypeReference@59b782fa
2025-01-24T15:59:33.102+01:00 DEBUG 35076 --- [    Test worker] org.hibernate.type.BasicTypeRegistry     : Adding type registration boolean -> org.hibernate.type.BasicTypeReference@59b782fa
2025-01-24T15:59:33.102+01:00 DEBUG 35076 --- [    Test worker] org.hibernate.type.BasicTypeRegistry     : Adding type registration java.lang.Boolean -> org.hibernate.type.BasicTypeReference@59b782fa
2025-01-24T15:59:33.102+01:00 DEBUG 35076 --- [    Test worker] org.hibernate.type.BasicTypeRegistry     : Adding type registration numeric_boolean -> org.hibernate.type.BasicTypeReference@788890e9
2025-01-24T15:59:33.102+01:00 DEBUG 35076 --- [    Test worker] org.hibernate.type.BasicTypeRegistry     : Adding type registration org.hibernate.type.NumericBooleanConverter -> org.hibernate.type.BasicTypeReference@788890e9
2025-01-24T15:59:33.102+01:00 DEBUG 35076 --- [    Test worker] org.hibernate.type.BasicTypeRegistry     : Adding type registration true_false -> org.hibernate.type.BasicTypeReference@2132f68e
2025-01-24T15:59:33.103+01:00 DEBUG 35076 --- [    Test worker] org.hibernate.type.BasicTypeRegistry     : Adding type registration org.hibernate.type.TrueFalseConverter -> org.hibernate.type.BasicTypeReference@2132f68e
2025-01-24T15:59:33.103+01:00 DEBUG 35076 --- [    Test worker] org.hibernate.type.BasicTypeRegistry     : Adding type registration yes_no -> org.hibernate.type.BasicTypeReference@17d1b2a0
2025-01-24T15:59:33.103+01:00 DEBUG 35076 --- [    Test worker] org.hibernate.type.BasicTypeRegistry     : Adding type registration org.hibernate.type.YesNoConverter -> org.hibernate.type.BasicTypeReference@17d1b2a0
2025-01-24T15:59:33.104+01:00 DEBUG 35076 --- [    Test worker] org.hibernate.type.BasicTypeRegistry     : Adding type registration byte -> org.hibernate.type.BasicTypeReference@729452f2
2025-01-24T15:59:33.105+01:00 DEBUG 35076 --- [    Test worker] org.hibernate.type.BasicTypeRegistry     : Adding type registration byte -> org.hibernate.type.BasicTypeReference@729452f2
2025-01-24T15:59:33.107+01:00 DEBUG 35076 --- [    Test worker] org.hibernate.type.BasicTypeRegistry     : Adding type registration java.lang.Byte -> org.hibernate.type.BasicTypeReference@729452f2
2025-01-24T15:59:33.108+01:00 DEBUG 35076 --- [    Test worker] org.hibernate.type.BasicTypeRegistry     : Adding type registration binary -> org.hibernate.type.BasicTypeReference@4ea78b91
2025-01-24T15:59:33.109+01:00 DEBUG 35076 --- [    Test worker] org.hibernate.type.BasicTypeRegistry     : Adding type registration byte[] -> org.hibernate.type.BasicTypeReference@4ea78b91
2025-01-24T15:59:33.109+01:00 DEBUG 35076 --- [    Test worker] org.hibernate.type.BasicTypeRegistry     : Adding type registration [B -> org.hibernate.type.BasicTypeReference@4ea78b91
2025-01-24T15:59:33.110+01:00 DEBUG 35076 --- [    Test worker] org.hibernate.type.BasicTypeRegistry     : Adding type registration binary_wrapper -> org.hibernate.type.BasicTypeReference@7817824d
2025-01-24T15:59:33.110+01:00 DEBUG 35076 --- [    Test worker] org.hibernate.type.BasicTypeRegistry     : Adding type registration wrapper-binary -> org.hibernate.type.BasicTypeReference@7817824d
2025-01-24T15:59:33.111+01:00 DEBUG 35076 --- [    Test worker] org.hibernate.type.BasicTypeRegistry     : Adding type registration image -> org.hibernate.type.BasicTypeReference@62497b5d
2025-01-24T15:59:33.111+01:00 DEBUG 35076 --- [    Test worker] org.hibernate.type.BasicTypeRegistry     : Adding type registration blob -> org.hibernate.type.BasicTypeReference@329ab624
2025-01-24T15:59:33.112+01:00 DEBUG 35076 --- [    Test worker] org.hibernate.type.BasicTypeRegistry     : Adding type registration java.sql.Blob -> org.hibernate.type.BasicTypeReference@329ab624
2025-01-24T15:59:33.113+01:00 DEBUG 35076 --- [    Test worker] org.hibernate.type.BasicTypeRegistry     : Adding type registration materialized_blob -> org.hibernate.type.BasicTypeReference@401358e5
2025-01-24T15:59:33.114+01:00 DEBUG 35076 --- [    Test worker] org.hibernate.type.BasicTypeRegistry     : Adding type registration materialized_blob_wrapper -> org.hibernate.type.BasicTypeReference@4d2af40
2025-01-24T15:59:33.114+01:00 DEBUG 35076 --- [    Test worker] org.hibernate.type.BasicTypeRegistry     : Adding type registration short -> org.hibernate.type.BasicTypeReference@2d68af14
2025-01-24T15:59:33.115+01:00 DEBUG 35076 --- [    Test worker] org.hibernate.type.BasicTypeRegistry     : Adding type registration short -> org.hibernate.type.BasicTypeReference@2d68af14
2025-01-24T15:59:33.115+01:00 DEBUG 35076 --- [    Test worker] org.hibernate.type.BasicTypeRegistry     : Adding type registration java.lang.Short -> org.hibernate.type.BasicTypeReference@2d68af14
2025-01-24T15:59:33.115+01:00 DEBUG 35076 --- [    Test worker] org.hibernate.type.BasicTypeRegistry     : Adding type registration integer -> org.hibernate.type.BasicTypeReference@4a24170b
2025-01-24T15:59:33.116+01:00 DEBUG 35076 --- [    Test worker] org.hibernate.type.BasicTypeRegistry     : Adding type registration int -> org.hibernate.type.BasicTypeReference@4a24170b
2025-01-24T15:59:33.116+01:00 DEBUG 35076 --- [    Test worker] org.hibernate.type.BasicTypeRegistry     : Adding type registration java.lang.Integer -> org.hibernate.type.BasicTypeReference@4a24170b
2025-01-24T15:59:33.117+01:00 DEBUG 35076 --- [    Test worker] org.hibernate.type.BasicTypeRegistry     : Adding type registration long -> org.hibernate.type.BasicTypeReference@10aabada
2025-01-24T15:59:33.117+01:00 DEBUG 35076 --- [    Test worker] org.hibernate.type.BasicTypeRegistry     : Adding type registration long -> org.hibernate.type.BasicTypeReference@10aabada
2025-01-24T15:59:33.117+01:00 DEBUG 35076 --- [    Test worker] org.hibernate.type.BasicTypeRegistry     : Adding type registration java.lang.Long -> org.hibernate.type.BasicTypeReference@10aabada
2025-01-24T15:59:33.118+01:00 DEBUG 35076 --- [    Test worker] org.hibernate.type.BasicTypeRegistry     : Adding type registration float -> org.hibernate.type.BasicTypeReference@193bf20
2025-01-24T15:59:33.119+01:00 DEBUG 35076 --- [    Test worker] org.hibernate.type.BasicTypeRegistry     : Adding type registration float -> org.hibernate.type.BasicTypeReference@193bf20
2025-01-24T15:59:33.120+01:00 DEBUG 35076 --- [    Test worker] org.hibernate.type.BasicTypeRegistry     : Adding type registration java.lang.Float -> org.hibernate.type.BasicTypeReference@193bf20
2025-01-24T15:59:33.121+01:00 DEBUG 35076 --- [    Test worker] org.hibernate.type.BasicTypeRegistry     : Adding type registration double -> org.hibernate.type.BasicTypeReference@69ebb009
2025-01-24T15:59:33.123+01:00 DEBUG 35076 --- [    Test worker] org.hibernate.type.BasicTypeRegistry     : Adding type registration double -> org.hibernate.type.BasicTypeReference@69ebb009
2025-01-24T15:59:33.123+01:00 DEBUG 35076 --- [    Test worker] org.hibernate.type.BasicTypeRegistry     : Adding type registration java.lang.Double -> org.hibernate.type.BasicTypeReference@69ebb009
2025-01-24T15:59:33.125+01:00 DEBUG 35076 --- [    Test worker] org.hibernate.type.BasicTypeRegistry     : Adding type registration big_integer -> org.hibernate.type.BasicTypeReference@31d7e70
2025-01-24T15:59:33.125+01:00 DEBUG 35076 --- [    Test worker] org.hibernate.type.BasicTypeRegistry     : Adding type registration java.math.BigInteger -> org.hibernate.type.BasicTypeReference@31d7e70
2025-01-24T15:59:33.127+01:00 DEBUG 35076 --- [    Test worker] org.hibernate.type.BasicTypeRegistry     : Adding type registration big_decimal -> org.hibernate.type.BasicTypeReference@462478a3
2025-01-24T15:59:33.128+01:00 DEBUG 35076 --- [    Test worker] org.hibernate.type.BasicTypeRegistry     : Adding type registration java.math.BigDecimal -> org.hibernate.type.BasicTypeReference@462478a3
2025-01-24T15:59:33.129+01:00 DEBUG 35076 --- [    Test worker] org.hibernate.type.BasicTypeRegistry     : Adding type registration character -> org.hibernate.type.BasicTypeReference@5a52b5f8
2025-01-24T15:59:33.130+01:00 DEBUG 35076 --- [    Test worker] org.hibernate.type.BasicTypeRegistry     : Adding type registration char -> org.hibernate.type.BasicTypeReference@5a52b5f8
2025-01-24T15:59:33.130+01:00 DEBUG 35076 --- [    Test worker] org.hibernate.type.BasicTypeRegistry     : Adding type registration java.lang.Character -> org.hibernate.type.BasicTypeReference@5a52b5f8
2025-01-24T15:59:33.130+01:00 DEBUG 35076 --- [    Test worker] org.hibernate.type.BasicTypeRegistry     : Adding type registration character_nchar -> org.hibernate.type.BasicTypeReference@6e8d3d43
2025-01-24T15:59:33.131+01:00 DEBUG 35076 --- [    Test worker] org.hibernate.type.BasicTypeRegistry     : Adding type registration string -> org.hibernate.type.BasicTypeReference@60b201c
2025-01-24T15:59:33.132+01:00 DEBUG 35076 --- [    Test worker] org.hibernate.type.BasicTypeRegistry     : Adding type registration java.lang.String -> org.hibernate.type.BasicTypeReference@60b201c
2025-01-24T15:59:33.132+01:00 DEBUG 35076 --- [    Test worker] org.hibernate.type.BasicTypeRegistry     : Adding type registration nstring -> org.hibernate.type.BasicTypeReference@630fa11e
2025-01-24T15:59:33.133+01:00 DEBUG 35076 --- [    Test worker] org.hibernate.type.BasicTypeRegistry     : Adding type registration characters -> org.hibernate.type.BasicTypeReference@2cbd35f2
2025-01-24T15:59:33.133+01:00 DEBUG 35076 --- [    Test worker] org.hibernate.type.BasicTypeRegistry     : Adding type registration char[] -> org.hibernate.type.BasicTypeReference@2cbd35f2
2025-01-24T15:59:33.134+01:00 DEBUG 35076 --- [    Test worker] org.hibernate.type.BasicTypeRegistry     : Adding type registration [C -> org.hibernate.type.BasicTypeReference@2cbd35f2
2025-01-24T15:59:33.134+01:00 DEBUG 35076 --- [    Test worker] org.hibernate.type.BasicTypeRegistry     : Adding type registration wrapper-characters -> org.hibernate.type.BasicTypeReference@2bdd6203
2025-01-24T15:59:33.135+01:00 DEBUG 35076 --- [    Test worker] org.hibernate.type.BasicTypeRegistry     : Adding type registration text -> org.hibernate.type.BasicTypeReference@7489bca4
2025-01-24T15:59:33.135+01:00 DEBUG 35076 --- [    Test worker] org.hibernate.type.BasicTypeRegistry     : Adding type registration ntext -> org.hibernate.type.BasicTypeReference@6a10f47a
2025-01-24T15:59:33.136+01:00 DEBUG 35076 --- [    Test worker] org.hibernate.type.BasicTypeRegistry     : Adding type registration clob -> org.hibernate.type.BasicTypeReference@2f474e6f
2025-01-24T15:59:33.137+01:00 DEBUG 35076 --- [    Test worker] org.hibernate.type.BasicTypeRegistry     : Adding type registration java.sql.Clob -> org.hibernate.type.BasicTypeReference@2f474e6f
2025-01-24T15:59:33.138+01:00 DEBUG 35076 --- [    Test worker] org.hibernate.type.BasicTypeRegistry     : Adding type registration nclob -> org.hibernate.type.BasicTypeReference@6fcafcfe
2025-01-24T15:59:33.141+01:00 DEBUG 35076 --- [    Test worker] org.hibernate.type.BasicTypeRegistry     : Adding type registration java.sql.NClob -> org.hibernate.type.BasicTypeReference@6fcafcfe
2025-01-24T15:59:33.142+01:00 DEBUG 35076 --- [    Test worker] org.hibernate.type.BasicTypeRegistry     : Adding type registration materialized_clob -> org.hibernate.type.BasicTypeReference@561f013f
2025-01-24T15:59:33.143+01:00 DEBUG 35076 --- [    Test worker] org.hibernate.type.BasicTypeRegistry     : Adding type registration materialized_clob_char_array -> org.hibernate.type.BasicTypeReference@3b418ca2
2025-01-24T15:59:33.144+01:00 DEBUG 35076 --- [    Test worker] org.hibernate.type.BasicTypeRegistry     : Adding type registration materialized_clob_character_array -> org.hibernate.type.BasicTypeReference@2e608993
2025-01-24T15:59:33.145+01:00 DEBUG 35076 --- [    Test worker] org.hibernate.type.BasicTypeRegistry     : Adding type registration materialized_nclob -> org.hibernate.type.BasicTypeReference@1675adad
2025-01-24T15:59:33.146+01:00 DEBUG 35076 --- [    Test worker] org.hibernate.type.BasicTypeRegistry     : Adding type registration materialized_nclob_character_array -> org.hibernate.type.BasicTypeReference@384d40a5
2025-01-24T15:59:33.147+01:00 DEBUG 35076 --- [    Test worker] org.hibernate.type.BasicTypeRegistry     : Adding type registration materialized_nclob_char_array -> org.hibernate.type.BasicTypeReference@f5eff92
2025-01-24T15:59:33.147+01:00 DEBUG 35076 --- [    Test worker] org.hibernate.type.BasicTypeRegistry     : Adding type registration Duration -> org.hibernate.type.BasicTypeReference@2558c3fb
2025-01-24T15:59:33.149+01:00 DEBUG 35076 --- [    Test worker] org.hibernate.type.BasicTypeRegistry     : Adding type registration java.time.Duration -> org.hibernate.type.BasicTypeReference@2558c3fb
2025-01-24T15:59:33.151+01:00 DEBUG 35076 --- [    Test worker] org.hibernate.type.BasicTypeRegistry     : Adding type registration LocalDateTime -> org.hibernate.type.BasicTypeReference@1efb1a38
2025-01-24T15:59:33.152+01:00 DEBUG 35076 --- [    Test worker] org.hibernate.type.BasicTypeRegistry     : Adding type registration java.time.LocalDateTime -> org.hibernate.type.BasicTypeReference@1efb1a38
2025-01-24T15:59:33.153+01:00 DEBUG 35076 --- [    Test worker] org.hibernate.type.BasicTypeRegistry     : Adding type registration LocalDate -> org.hibernate.type.BasicTypeReference@4ce1292a
2025-01-24T15:59:33.154+01:00 DEBUG 35076 --- [    Test worker] org.hibernate.type.BasicTypeRegistry     : Adding type registration java.time.LocalDate -> org.hibernate.type.BasicTypeReference@4ce1292a
2025-01-24T15:59:33.155+01:00 DEBUG 35076 --- [    Test worker] org.hibernate.type.BasicTypeRegistry     : Adding type registration LocalTime -> org.hibernate.type.BasicTypeReference@34bbfd4b
2025-01-24T15:59:33.155+01:00 DEBUG 35076 --- [    Test worker] org.hibernate.type.BasicTypeRegistry     : Adding type registration java.time.LocalTime -> org.hibernate.type.BasicTypeReference@34bbfd4b
2025-01-24T15:59:33.156+01:00 DEBUG 35076 --- [    Test worker] org.hibernate.type.BasicTypeRegistry     : Adding type registration OffsetDateTime -> org.hibernate.type.BasicTypeReference@571fa73c
2025-01-24T15:59:33.157+01:00 DEBUG 35076 --- [    Test worker] org.hibernate.type.BasicTypeRegistry     : Adding type registration java.time.OffsetDateTime -> org.hibernate.type.BasicTypeReference@571fa73c
2025-01-24T15:59:33.157+01:00 DEBUG 35076 --- [    Test worker] org.hibernate.type.BasicTypeRegistry     : Adding type registration OffsetDateTimeWithTimezone -> org.hibernate.type.BasicTypeReference@11734d3d
2025-01-24T15:59:33.157+01:00 DEBUG 35076 --- [    Test worker] org.hibernate.type.BasicTypeRegistry     : Adding type registration OffsetDateTimeWithoutTimezone -> org.hibernate.type.BasicTypeReference@541e8e40
2025-01-24T15:59:33.158+01:00 DEBUG 35076 --- [    Test worker] org.hibernate.type.BasicTypeRegistry     : Adding type registration OffsetTime -> org.hibernate.type.BasicTypeReference@3fa4702d
2025-01-24T15:59:33.158+01:00 DEBUG 35076 --- [    Test worker] org.hibernate.type.BasicTypeRegistry     : Adding type registration java.time.OffsetTime -> org.hibernate.type.BasicTypeReference@3fa4702d
2025-01-24T15:59:33.159+01:00 DEBUG 35076 --- [    Test worker] org.hibernate.type.BasicTypeRegistry     : Adding type registration OffsetTimeUtc -> org.hibernate.type.BasicTypeReference@15a806a2
2025-01-24T15:59:33.160+01:00 DEBUG 35076 --- [    Test worker] org.hibernate.type.BasicTypeRegistry     : Adding type registration OffsetTimeWithTimezone -> org.hibernate.type.BasicTypeReference@1eb9ab8f
2025-01-24T15:59:33.160+01:00 DEBUG 35076 --- [    Test worker] org.hibernate.type.BasicTypeRegistry     : Adding type registration OffsetTimeWithoutTimezone -> org.hibernate.type.BasicTypeReference@3e755a96
2025-01-24T15:59:33.160+01:00 DEBUG 35076 --- [    Test worker] org.hibernate.type.BasicTypeRegistry     : Adding type registration ZonedDateTime -> org.hibernate.type.BasicTypeReference@22cc606d
2025-01-24T15:59:33.161+01:00 DEBUG 35076 --- [    Test worker] org.hibernate.type.BasicTypeRegistry     : Adding type registration java.time.ZonedDateTime -> org.hibernate.type.BasicTypeReference@22cc606d
2025-01-24T15:59:33.162+01:00 DEBUG 35076 --- [    Test worker] org.hibernate.type.BasicTypeRegistry     : Adding type registration ZonedDateTimeWithTimezone -> org.hibernate.type.BasicTypeReference@7784ff80
2025-01-24T15:59:33.163+01:00 DEBUG 35076 --- [    Test worker] org.hibernate.type.BasicTypeRegistry     : Adding type registration ZonedDateTimeWithoutTimezone -> org.hibernate.type.BasicTypeReference@2432c72c
2025-01-24T15:59:33.164+01:00 DEBUG 35076 --- [    Test worker] org.hibernate.type.BasicTypeRegistry     : Adding type registration date -> org.hibernate.type.BasicTypeReference@300788d6
2025-01-24T15:59:33.164+01:00 DEBUG 35076 --- [    Test worker] org.hibernate.type.BasicTypeRegistry     : Adding type registration java.sql.Date -> org.hibernate.type.BasicTypeReference@300788d6
2025-01-24T15:59:33.165+01:00 DEBUG 35076 --- [    Test worker] org.hibernate.type.BasicTypeRegistry     : Adding type registration time -> org.hibernate.type.BasicTypeReference@710959b3
2025-01-24T15:59:33.165+01:00 DEBUG 35076 --- [    Test worker] org.hibernate.type.BasicTypeRegistry     : Adding type registration java.sql.Time -> org.hibernate.type.BasicTypeReference@710959b3
2025-01-24T15:59:33.166+01:00 DEBUG 35076 --- [    Test worker] org.hibernate.type.BasicTypeRegistry     : Adding type registration timestamp -> org.hibernate.type.BasicTypeReference@2121d0ed
2025-01-24T15:59:33.166+01:00 DEBUG 35076 --- [    Test worker] org.hibernate.type.BasicTypeRegistry     : Adding type registration java.sql.Timestamp -> org.hibernate.type.BasicTypeReference@2121d0ed
2025-01-24T15:59:33.166+01:00 DEBUG 35076 --- [    Test worker] org.hibernate.type.BasicTypeRegistry     : Adding type registration java.util.Date -> org.hibernate.type.BasicTypeReference@2121d0ed
2025-01-24T15:59:33.167+01:00 DEBUG 35076 --- [    Test worker] org.hibernate.type.BasicTypeRegistry     : Adding type registration calendar -> org.hibernate.type.BasicTypeReference@13987842
2025-01-24T15:59:33.167+01:00 DEBUG 35076 --- [    Test worker] org.hibernate.type.BasicTypeRegistry     : Adding type registration java.util.Calendar -> org.hibernate.type.BasicTypeReference@13987842
2025-01-24T15:59:33.171+01:00 DEBUG 35076 --- [    Test worker] org.hibernate.type.BasicTypeRegistry     : Adding type registration java.util.GregorianCalendar -> org.hibernate.type.BasicTypeReference@13987842
2025-01-24T15:59:33.171+01:00 DEBUG 35076 --- [    Test worker] org.hibernate.type.BasicTypeRegistry     : Adding type registration calendar_date -> org.hibernate.type.BasicTypeReference@24aa1547
2025-01-24T15:59:33.172+01:00 DEBUG 35076 --- [    Test worker] org.hibernate.type.BasicTypeRegistry     : Adding type registration calendar_time -> org.hibernate.type.BasicTypeReference@b230f87
2025-01-24T15:59:33.173+01:00 DEBUG 35076 --- [    Test worker] org.hibernate.type.BasicTypeRegistry     : Adding type registration instant -> org.hibernate.type.BasicTypeReference@5b293cc9
2025-01-24T15:59:33.175+01:00 DEBUG 35076 --- [    Test worker] org.hibernate.type.BasicTypeRegistry     : Adding type registration java.time.Instant -> org.hibernate.type.BasicTypeReference@5b293cc9
2025-01-24T15:59:33.176+01:00 DEBUG 35076 --- [    Test worker] org.hibernate.type.BasicTypeRegistry     : Adding type registration uuid -> org.hibernate.type.BasicTypeReference@6c551798
2025-01-24T15:59:33.177+01:00 DEBUG 35076 --- [    Test worker] org.hibernate.type.BasicTypeRegistry     : Adding type registration java.util.UUID -> org.hibernate.type.BasicTypeReference@6c551798
2025-01-24T15:59:33.178+01:00 DEBUG 35076 --- [    Test worker] org.hibernate.type.BasicTypeRegistry     : Adding type registration pg-uuid -> org.hibernate.type.BasicTypeReference@6c551798
2025-01-24T15:59:33.179+01:00 DEBUG 35076 --- [    Test worker] org.hibernate.type.BasicTypeRegistry     : Adding type registration uuid-binary -> org.hibernate.type.BasicTypeReference@18212778
2025-01-24T15:59:33.180+01:00 DEBUG 35076 --- [    Test worker] org.hibernate.type.BasicTypeRegistry     : Adding type registration uuid-char -> org.hibernate.type.BasicTypeReference@b6d5ccc
2025-01-24T15:59:33.180+01:00 DEBUG 35076 --- [    Test worker] org.hibernate.type.BasicTypeRegistry     : Adding type registration class -> org.hibernate.type.BasicTypeReference@19b0f61c
2025-01-24T15:59:33.181+01:00 DEBUG 35076 --- [    Test worker] org.hibernate.type.BasicTypeRegistry     : Adding type registration java.lang.Class -> org.hibernate.type.BasicTypeReference@19b0f61c
2025-01-24T15:59:33.182+01:00 DEBUG 35076 --- [    Test worker] org.hibernate.type.BasicTypeRegistry     : Adding type registration currency -> org.hibernate.type.BasicTypeReference@5d1ddb65
2025-01-24T15:59:33.183+01:00 DEBUG 35076 --- [    Test worker] org.hibernate.type.BasicTypeRegistry     : Adding type registration Currency -> org.hibernate.type.BasicTypeReference@5d1ddb65
2025-01-24T15:59:33.185+01:00 DEBUG 35076 --- [    Test worker] org.hibernate.type.BasicTypeRegistry     : Adding type registration java.util.Currency -> org.hibernate.type.BasicTypeReference@5d1ddb65
2025-01-24T15:59:33.186+01:00 DEBUG 35076 --- [    Test worker] org.hibernate.type.BasicTypeRegistry     : Adding type registration locale -> org.hibernate.type.BasicTypeReference@4c963d59
2025-01-24T15:59:33.188+01:00 DEBUG 35076 --- [    Test worker] org.hibernate.type.BasicTypeRegistry     : Adding type registration java.util.Locale -> org.hibernate.type.BasicTypeReference@4c963d59
2025-01-24T15:59:33.189+01:00 DEBUG 35076 --- [    Test worker] org.hibernate.type.BasicTypeRegistry     : Adding type registration serializable -> org.hibernate.type.BasicTypeReference@2dfc833b
2025-01-24T15:59:33.189+01:00 DEBUG 35076 --- [    Test worker] org.hibernate.type.BasicTypeRegistry     : Adding type registration java.io.Serializable -> org.hibernate.type.BasicTypeReference@2dfc833b
2025-01-24T15:59:33.190+01:00 DEBUG 35076 --- [    Test worker] org.hibernate.type.BasicTypeRegistry     : Adding type registration timezone -> org.hibernate.type.BasicTypeReference@33e2808e
2025-01-24T15:59:33.190+01:00 DEBUG 35076 --- [    Test worker] org.hibernate.type.BasicTypeRegistry     : Adding type registration java.util.TimeZone -> org.hibernate.type.BasicTypeReference@33e2808e
2025-01-24T15:59:33.190+01:00 DEBUG 35076 --- [    Test worker] org.hibernate.type.BasicTypeRegistry     : Adding type registration ZoneOffset -> org.hibernate.type.BasicTypeReference@17a364
2025-01-24T15:59:33.190+01:00 DEBUG 35076 --- [    Test worker] org.hibernate.type.BasicTypeRegistry     : Adding type registration java.time.ZoneOffset -> org.hibernate.type.BasicTypeReference@17a364
2025-01-24T15:59:33.191+01:00 DEBUG 35076 --- [    Test worker] org.hibernate.type.BasicTypeRegistry     : Adding type registration url -> org.hibernate.type.BasicTypeReference@7d963aca
2025-01-24T15:59:33.191+01:00 DEBUG 35076 --- [    Test worker] org.hibernate.type.BasicTypeRegistry     : Adding type registration java.net.URL -> org.hibernate.type.BasicTypeReference@7d963aca
2025-01-24T15:59:33.191+01:00 DEBUG 35076 --- [    Test worker] org.hibernate.type.BasicTypeRegistry     : Adding type registration vector -> org.hibernate.type.BasicTypeReference@343a8b18
2025-01-24T15:59:33.191+01:00 DEBUG 35076 --- [    Test worker] org.hibernate.type.BasicTypeRegistry     : Adding type registration row_version -> org.hibernate.type.BasicTypeReference@137b9be1
2025-01-24T15:59:33.208+01:00 DEBUG 35076 --- [    Test worker] org.hibernate.type.BasicTypeRegistry     : Adding type registration object -> org.hibernate.type.JavaObjectType@562a4bac
2025-01-24T15:59:33.209+01:00 DEBUG 35076 --- [    Test worker] org.hibernate.type.BasicTypeRegistry     : Adding type registration java.lang.Object -> org.hibernate.type.JavaObjectType@562a4bac
2025-01-24T15:59:33.212+01:00 DEBUG 35076 --- [    Test worker] org.hibernate.type.BasicTypeRegistry     : Adding type registration null -> org.hibernate.type.NullType@313d5a87
2025-01-24T15:59:33.212+01:00 DEBUG 35076 --- [    Test worker] org.hibernate.type.BasicTypeRegistry     : Adding type registration imm_date -> org.hibernate.type.BasicTypeReference@5f50f63e
2025-01-24T15:59:33.213+01:00 DEBUG 35076 --- [    Test worker] org.hibernate.type.BasicTypeRegistry     : Adding type registration imm_time -> org.hibernate.type.BasicTypeReference@24338110
2025-01-24T15:59:33.213+01:00 DEBUG 35076 --- [    Test worker] org.hibernate.type.BasicTypeRegistry     : Adding type registration imm_timestamp -> org.hibernate.type.BasicTypeReference@69e87cbe
2025-01-24T15:59:33.213+01:00 DEBUG 35076 --- [    Test worker] org.hibernate.type.BasicTypeRegistry     : Adding type registration imm_calendar -> org.hibernate.type.BasicTypeReference@32daea66
2025-01-24T15:59:33.213+01:00 DEBUG 35076 --- [    Test worker] org.hibernate.type.BasicTypeRegistry     : Adding type registration imm_calendar_date -> org.hibernate.type.BasicTypeReference@6ae30b05
2025-01-24T15:59:33.214+01:00 DEBUG 35076 --- [    Test worker] org.hibernate.type.BasicTypeRegistry     : Adding type registration imm_calendar_time -> org.hibernate.type.BasicTypeReference@52602c48
2025-01-24T15:59:33.214+01:00 DEBUG 35076 --- [    Test worker] org.hibernate.type.BasicTypeRegistry     : Adding type registration imm_binary -> org.hibernate.type.BasicTypeReference@78c7a736
2025-01-24T15:59:33.214+01:00 DEBUG 35076 --- [    Test worker] org.hibernate.type.BasicTypeRegistry     : Adding type registration imm_serializable -> org.hibernate.type.BasicTypeReference@1dabeb92
2025-01-24T15:59:33.226+01:00 DEBUG 35076 --- [    Test worker] o.h.boot.internal.BootstrapContextImpl   : Injecting JPA temp ClassLoader [org.springframework.instrument.classloading.SimpleThrowawayClassLoader@4fdc1a37] into BootstrapContext; was [null]
2025-01-24T15:59:33.227+01:00 DEBUG 35076 --- [    Test worker] o.h.boot.internal.ClassLoaderAccessImpl  : ClassLoaderAccessImpl#injectTempClassLoader(org.springframework.instrument.classloading.SimpleThrowawayClassLoader@4fdc1a37) [was null]
2025-01-24T15:59:33.228+01:00 DEBUG 35076 --- [    Test worker] o.h.boot.internal.BootstrapContextImpl   : Injecting ScanEnvironment [org.hibernate.jpa.boot.internal.StandardJpaScanEnvironmentImpl@57bbf4e5] into BootstrapContext; was [null]
2025-01-24T15:59:33.228+01:00 DEBUG 35076 --- [    Test worker] o.h.boot.internal.BootstrapContextImpl   : Injecting ScanOptions [org.hibernate.boot.archive.scan.internal.StandardScanOptions@105b12e7] into BootstrapContext; was [org.hibernate.boot.archive.scan.internal.StandardScanOptions@6b54dbd8]
2025-01-24T15:59:33.820+01:00  INFO 35076 --- [    Test worker] o.s.o.j.p.SpringPersistenceUnitInfo      : No LoadTimeWeaver setup: ignoring JPA class transformer
2025-01-24T15:59:33.820+01:00 DEBUG 35076 --- [    Test worker] o.h.boot.internal.BootstrapContextImpl   : Injecting JPA temp ClassLoader [null] into BootstrapContext; was [org.springframework.instrument.classloading.SimpleThrowawayClassLoader@4fdc1a37]
2025-01-24T15:59:33.821+01:00 DEBUG 35076 --- [    Test worker] o.h.boot.internal.ClassLoaderAccessImpl  : ClassLoaderAccessImpl#injectTempClassLoader(null) [was org.springframework.instrument.classloading.SimpleThrowawayClassLoader@4fdc1a37]
2025-01-24T15:59:33.894+01:00 DEBUG 35076 --- [    Test worker] o.h.e.j.e.i.JdbcEnvironmentInitiator     : Database ->
	   name : H2
	version : 2.3.232 (2024-08-11)
	  major : 2
	  minor : 3
2025-01-24T15:59:33.894+01:00 DEBUG 35076 --- [    Test worker] o.h.e.j.e.i.JdbcEnvironmentInitiator     : Driver ->
	   name : H2 JDBC Driver
	version : 2.3.232 (2024-08-11)
	  major : 2
	  minor : 3
2025-01-24T15:59:33.895+01:00 DEBUG 35076 --- [    Test worker] o.h.e.j.e.i.JdbcEnvironmentInitiator     : JDBC version : 4.3
2025-01-24T15:59:33.937+01:00  WARN 35076 --- [    Test worker] org.hibernate.orm.deprecation            : HHH90000025: H2Dialect does not need to be specified explicitly using 'hibernate.dialect' (remove the property setting and it will be selected by default)
2025-01-24T15:59:33.940+01:00 DEBUG 35076 --- [    Test worker] org.hibernate.orm.dialect                : HHH035001: Using dialect: org.hibernate.dialect.H2Dialect, version: 2.3.232
2025-01-24T15:59:33.948+01:00 DEBUG 35076 --- [    Test worker] o.h.e.j.env.spi.IdentifierHelperBuilder  : JDBC driver metadata reported database stores quoted identifiers in neither upper, lower nor mixed case
2025-01-24T15:59:33.984+01:00 DEBUG 35076 --- [    Test worker] o.h.t.d.jdbc.spi.JdbcTypeRegistry        : addDescriptor(NCharTypeDescriptor) replaced previous registration(CharTypeDescriptor)
2025-01-24T15:59:33.984+01:00 DEBUG 35076 --- [    Test worker] o.h.t.d.jdbc.spi.JdbcTypeRegistry        : addDescriptor(NVarcharTypeDescriptor) replaced previous registration(VarcharTypeDescriptor)
2025-01-24T15:59:33.986+01:00 DEBUG 35076 --- [    Test worker] o.h.t.d.jdbc.spi.JdbcTypeRegistry        : addDescriptor(LongNVarcharTypeDescriptor) replaced previous registration(LongVarcharTypeDescriptor)
2025-01-24T15:59:33.991+01:00 DEBUG 35076 --- [    Test worker] o.h.t.d.jdbc.spi.JdbcTypeRegistry        : addDescriptor(NClobTypeDescriptor(DEFAULT)) replaced previous registration(ClobTypeDescriptor(DEFAULT))
2025-01-24T15:59:33.992+01:00 DEBUG 35076 --- [    Test worker] o.h.t.d.jdbc.spi.JdbcTypeRegistry        : addDescriptor(2005, ClobTypeDescriptor(STREAM_BINDING)) replaced previous registration(ClobTypeDescriptor(DEFAULT))
2025-01-24T15:59:33.995+01:00 DEBUG 35076 --- [    Test worker] o.h.t.d.jdbc.spi.JdbcTypeRegistry        : addDescriptor(TimestampUtcDescriptor) replaced previous registration(TimestampUtcDescriptor)
2025-01-24T15:59:34.009+01:00 DEBUG 35076 --- [    Test worker] org.hibernate.type.BasicTypeRegistry     : Adding type registration org.hibernate.type.DurationType -> basicType@1(java.time.Duration,3015)
2025-01-24T15:59:34.009+01:00 DEBUG 35076 --- [    Test worker] org.hibernate.type.BasicTypeRegistry     : Adding type registration Duration -> basicType@1(java.time.Duration,3015)
2025-01-24T15:59:34.009+01:00 DEBUG 35076 --- [    Test worker] org.hibernate.type.BasicTypeRegistry     : Adding type registration java.time.Duration -> basicType@1(java.time.Duration,3015)
2025-01-24T15:59:34.020+01:00 DEBUG 35076 --- [    Test worker] o.h.type.spi.TypeConfiguration$Scope     : Scoping TypeConfiguration [org.hibernate.type.spi.TypeConfiguration@209c0be5] to MetadataBuildingContext [org.hibernate.boot.internal.MetadataBuildingContextRootImpl@4ef69c53]
2025-01-24T15:59:34.122+01:00 DEBUG 35076 --- [    Test worker] o.h.boot.model.relational.Namespace      : Created database namespace [logicalName=Name{catalog=null, schema=null}, physicalName=Name{catalog=null, schema=null}]
2025-01-24T15:59:34.184+01:00 DEBUG 35076 --- [    Test worker] o.h.boot.model.internal.EntityBinder     : Binding entity from annotated class: com.blueharvest.spi.Account
2025-01-24T15:59:34.200+01:00 DEBUG 35076 --- [    Test worker] o.h.boot.model.internal.EntityBinder     : Import with entity name Account
2025-01-24T15:59:34.219+01:00 DEBUG 35076 --- [    Test worker] o.h.boot.model.internal.EntityBinder     : Bind entity com.blueharvest.spi.Account on table account
[...]
	at org.junit.platform.engine.support.hierarchical.NodeTestTask.executeRecursively(NodeTestTask.java:143) ~[junit-platform-engine-1.10.5.jar:1.10.5]
	at org.junit.platform.engine.support.hierarchical.NodeTestTask.execute(NodeTestTask.java:100) ~[junit-platform-engine-1.10.5.jar:1.10.5]
	at java.base/java.util.ArrayList.forEach(ArrayList.java:1596) ~[na:na]
	at org.junit.platform.engine.support.hierarchical.SameThreadHierarchicalTestExecutorService.invokeAll(SameThreadHierarchicalTestExecutorService.java:41) ~[junit-platform-engine-1.10.5.jar:1.10.5]
	at org.junit.platform.engine.support.hierarchical.NodeTestTask.lambda$executeRecursively$6(NodeTestTask.java:160) ~[junit-platform-engine-1.10.5.jar:1.10.5]
	at org.junit.platform.engine.support.hierarchical.ThrowableCollector.execute(ThrowableCollector.java:73) ~[junit-platform-engine-1.10.5.jar:1.10.5]
	at org.junit.platform.engine.support.hierarchical.NodeTestTask.lambda$executeRecursively$8(NodeTestTask.java:146) ~[junit-platform-engine-1.10.5.jar:1.10.5]
	at org.junit.platform.engine.support.hierarchical.Node.around(Node.java:137) ~[junit-platform-engine-1.10.5.jar:1.10.5]
	at org.junit.platform.engine.support.hierarchical.NodeTestTask.lambda$executeRecursively$9(NodeTestTask.java:144) ~[junit-platform-engine-1.10.5.jar:1.10.5]
	at org.junit.platform.engine.support.hierarchical.ThrowableCollector.execute(ThrowableCollector.java:73) ~[junit-platform-engine-1.10.5.jar:1.10.5]
	at org.junit.platform.engine.support.hierarchical.NodeTestTask.executeRecursively(NodeTestTask.java:143) ~[junit-platform-engine-1.10.5.jar:1.10.5]
	at org.junit.platform.engine.support.hierarchical.NodeTestTask.execute(NodeTestTask.java:100) ~[junit-platform-engine-1.10.5.jar:1.10.5]
	at java.base/java.util.ArrayList.forEach(ArrayList.java:1596) ~[na:na]
	at org.junit.platform.engine.support.hierarchical.SameThreadHierarchicalTestExecutorService.invokeAll(SameThreadHierarchicalTestExecutorService.java:41) ~[junit-platform-engine-1.10.5.jar:1.10.5]
	at org.junit.platform.engine.support.hierarchical.NodeTestTask.lambda$executeRecursively$6(NodeTestTask.java:160) ~[junit-platform-engine-1.10.5.jar:1.10.5]
	at org.junit.platform.engine.support.hierarchical.ThrowableCollector.execute(ThrowableCollector.java:73) ~[junit-platform-engine-1.10.5.jar:1.10.5]
	at org.junit.platform.engine.support.hierarchical.NodeTestTask.lambda$executeRecursively$8(NodeTestTask.java:146) ~[junit-platform-engine-1.10.5.jar:1.10.5]
	at org.junit.platform.engine.support.hierarchical.Node.around(Node.java:137) ~[junit-platform-engine-1.10.5.jar:1.10.5]
	at org.junit.platform.engine.support.hierarchical.NodeTestTask.lambda$executeRecursively$9(NodeTestTask.java:144) ~[junit-platform-engine-1.10.5.jar:1.10.5]
	at org.junit.platform.engine.support.hierarchical.ThrowableCollector.execute(ThrowableCollector.java:73) ~[junit-platform-engine-1.10.5.jar:1.10.5]
	at org.junit.platform.engine.support.hierarchical.NodeTestTask.executeRecursively(NodeTestTask.java:143) ~[junit-platform-engine-1.10.5.jar:1.10.5]
	at org.junit.platform.engine.support.hierarchical.NodeTestTask.execute(NodeTestTask.java:100) ~[junit-platform-engine-1.10.5.jar:1.10.5]
	at org.junit.platform.engine.support.hierarchical.SameThreadHierarchicalTestExecutorService.submit(SameThreadHierarchicalTestExecutorService.java:35) ~[junit-platform-engine-1.10.5.jar:1.10.5]
	at org.junit.platform.engine.support.hierarchical.HierarchicalTestExecutor.execute(HierarchicalTestExecutor.java:57) ~[junit-platform-engine-1.10.5.jar:1.10.5]
	at org.junit.platform.engine.support.hierarchical.HierarchicalTestEngine.execute(HierarchicalTestEngine.java:54) ~[junit-platform-engine-1.10.5.jar:1.10.5]
	at org.junit.platform.launcher.core.EngineExecutionOrchestrator.execute(EngineExecutionOrchestrator.java:107) ~[junit-platform-launcher-1.8.2.jar:1.8.2]
	at org.junit.platform.launcher.core.EngineExecutionOrchestrator.execute(EngineExecutionOrchestrator.java:88) ~[junit-platform-launcher-1.8.2.jar:1.8.2]
	at org.junit.platform.launcher.core.EngineExecutionOrchestrator.lambda$execute$0(EngineExecutionOrchestrator.java:54) ~[junit-platform-launcher-1.8.2.jar:1.8.2]
	at org.junit.platform.launcher.core.EngineExecutionOrchestrator.withInterceptedStreams(EngineExecutionOrchestrator.java:67) ~[junit-platform-launcher-1.8.2.jar:1.8.2]
	at org.junit.platform.launcher.core.EngineExecutionOrchestrator.execute(EngineExecutionOrchestrator.java:52) ~[junit-platform-launcher-1.8.2.jar:1.8.2]
	at org.junit.platform.launcher.core.DefaultLauncher.execute(DefaultLauncher.java:114) ~[junit-platform-launcher-1.8.2.jar:1.8.2]
	at org.junit.platform.launcher.core.DefaultLauncher.execute(DefaultLauncher.java:86) ~[junit-platform-launcher-1.8.2.jar:1.8.2]
	at org.junit.platform.launcher.core.DefaultLauncherSession$DelegatingLauncher.execute(DefaultLauncherSession.java:86) ~[junit-platform-launcher-1.8.2.jar:1.8.2]
	at org.gradle.api.internal.tasks.testing.junitplatform.JUnitPlatformTestClassProcessor$CollectAllTestClassesExecutor.processAllTestClasses(JUnitPlatformTestClassProcessor.java:124) ~[na:na]
	at org.gradle.api.internal.tasks.testing.junitplatform.JUnitPlatformTestClassProcessor$CollectAllTestClassesExecutor.access$000(JUnitPlatformTestClassProcessor.java:99) ~[na:na]
	at org.gradle.api.internal.tasks.testing.junitplatform.JUnitPlatformTestClassProcessor.stop(JUnitPlatformTestClassProcessor.java:94) ~[na:na]
	at org.gradle.api.internal.tasks.testing.SuiteTestClassProcessor.stop(SuiteTestClassProcessor.java:63) ~[na:na]
	at java.base/jdk.internal.reflect.DirectMethodHandleAccessor.invoke(DirectMethodHandleAccessor.java:103) ~[na:na]
	at java.base/java.lang.reflect.Method.invoke(Method.java:580) ~[na:na]
	at org.gradle.internal.dispatch.ReflectionDispatch.dispatch(ReflectionDispatch.java:36) ~[na:na]
	at org.gradle.internal.dispatch.ReflectionDispatch.dispatch(ReflectionDispatch.java:24) ~[na:na]
	at org.gradle.internal.dispatch.ContextClassLoaderDispatch.dispatch(ContextClassLoaderDispatch.java:33) ~[na:na]
	at org.gradle.internal.dispatch.ProxyDispatchAdapter$DispatchingInvocationHandler.invoke(ProxyDispatchAdapter.java:92) ~[na:na]
	at jdk.proxy2/jdk.proxy2.$Proxy6.stop(Unknown Source) ~[na:na]
	at org.gradle.api.internal.tasks.testing.worker.TestWorker$3.run(TestWorker.java:200) ~[na:na]
	at org.gradle.api.internal.tasks.testing.worker.TestWorker.executeAndMaintainThreadName(TestWorker.java:132) ~[na:na]
	at org.gradle.api.internal.tasks.testing.worker.TestWorker.execute(TestWorker.java:103) ~[na:na]
	at org.gradle.api.internal.tasks.testing.worker.TestWorker.execute(TestWorker.java:63) ~[na:na]
	at org.gradle.process.internal.worker.child.ActionExecutionWorker.execute(ActionExecutionWorker.java:56) ~[na:na]
	at org.gradle.process.internal.worker.child.SystemApplicationClassLoaderWorker.call(SystemApplicationClassLoaderWorker.java:121) ~[na:na]
	at org.gradle.process.internal.worker.child.SystemApplicationClassLoaderWorker.call(SystemApplicationClassLoaderWorker.java:71) ~[na:na]
	at worker.org.gradle.process.internal.worker.GradleWorkerMain.run(GradleWorkerMain.java:69) ~[gradle-worker.jar:na]
	at worker.org.gradle.process.internal.worker.GradleWorkerMain.main(GradleWorkerMain.java:74) ~[gradle-worker.jar:na]

2025-01-24T15:59:37.885+01:00 DEBUG 35076 --- [    Test worker] org.springframework.test.context.cache   : Spring test ApplicationContext cache statistics: [DefaultContextCache@16bebd03 size = 1, maxSize = 32, parentContextCount = 0, hitCount = 5, missCount = 1, failureCount = 0]
2025-01-24T15:59:37.907+01:00 DEBUG 35076 --- [    Test worker] o.s.orm.jpa.JpaTransactionManager        : Found thread-bound EntityManager [SessionImpl(1453306637<open>)] for JPA transaction
2025-01-24T15:59:37.907+01:00 DEBUG 35076 --- [    Test worker] o.s.orm.jpa.JpaTransactionManager        : Participating in existing transaction
2025-01-24T15:59:37.926+01:00 DEBUG 35076 --- [    Test worker] org.hibernate.orm.query.hql              : HQL : select count(*) from User x
2025-01-24T15:59:38.386+01:00 DEBUG 35076 --- [    Test worker] o.h.o.q.hql.reservedWordAsIdentifier     : Encountered use of reserved word as identifier : (
2025-01-24T15:59:38.521+01:00 DEBUG 35076 --- [    Test worker] org.hibernate.orm.query.sqm.ast          : SqmStatement Tree :
    -> [select]
      -> [query-spec]
        -> [select]
          -> [selection]
          <- [selection]
        <- [select]
        -> [from]
          -> [root] - `com.blueharvest.spi.User(x)`
          <- [root] - `com.blueharvest.spi.User(x)`
        <- [from]
      <- [query-spec]
    <- [select]

2025-01-24T15:59:38.662+01:00 DEBUG 35076 --- [    Test worker] org.hibernate.orm.sql.ast.create         : Created new SQL alias : u1_0
2025-01-24T15:59:38.663+01:00 DEBUG 35076 --- [    Test worker] org.hibernate.orm.sql.ast.create         : Registration of TableGroup [StandardTableGroup(com.blueharvest.spi.User(x))] with identifierForTableGroup [com.blueharvest.spi.User] for NavigablePath [com.blueharvest.spi.User] 
2025-01-24T15:59:38.677+01:00 DEBUG 35076 --- [    Test worker] org.hibernate.orm.results.graph.AST      : DomainResult Graph:
 \-BasicResult

2025-01-24T15:59:38.677+01:00 DEBUG 35076 --- [    Test worker] org.hibernate.orm.sql.ast.tree           : SQL AST Tree:
    SelectStatement {
      FromClause {
        StandardTableGroup (u1 : com.blueharvest.spi.User(x)) {
          primaryTableReference : BLUEHARVEST.user as u1_0
        }
      }
    }

2025-01-24T15:59:38.707+01:00 DEBUG 35076 --- [    Test worker] org.hibernate.orm.sql.exec               : Skipping reading Query result cache data: cache-enabled = false, cache-mode = NORMAL
2025-01-24T15:59:38.719+01:00 DEBUG 35076 --- [    Test worker] org.hibernate.orm.results                : Initializer list is empty
2025-01-24T15:59:38.733+01:00 DEBUG 35076 --- [    Test worker] org.hibernate.SQL                        : select count(*) from BLUEHARVEST.user u1_0
Hibernate: select count(*) from BLUEHARVEST.user u1_0
2025-01-24T15:59:38.735+01:00 DEBUG 35076 --- [    Test worker] org.hibernate.orm.results.loading        : Calling top-level assembler (0 / 1) : org.hibernate.sql.results.graph.basic.BasicResultAssembler@5e95eec0
2025-01-24T15:59:38.737+01:00 DEBUG 35076 --- [    Test worker] org.hibernate.orm.results                : Extracted JDBC value [0] - [0]
2025-01-24T15:59:38.866+01:00 DEBUG 35076 --- [    Test worker] o.s.orm.jpa.JpaTransactionManager        : Found thread-bound EntityManager [SessionImpl(1453306637<open>)] for JPA transaction
2025-01-24T15:59:38.866+01:00 DEBUG 35076 --- [    Test worker] o.s.orm.jpa.JpaTransactionManager        : Participating in existing transaction
2025-01-24T15:59:38.867+01:00 DEBUG 35076 --- [    Test worker] o.h.j.internal.PersistenceUnitUtilImpl   : jakarta.persistence.PersistenceUnitUtil.getIdentifier is only intended to work with enhanced entities (although Hibernate also adapts this support to its proxies); however the passed entity was not enhanced (nor a proxy).. may not be able to read identifier
2025-01-24T15:59:38.876+01:00 DEBUG 35076 --- [    Test worker] o.h.e.i.AbstractSaveEventListener        : Generated identifier: 2067ba3c-8e88-44d2-a266-f62248c24562, using strategy: org.hibernate.id.UUIDGenerator
2025-01-24T15:59:38.911+01:00 DEBUG 35076 --- [    Test worker] o.s.orm.jpa.JpaTransactionManager        : Found thread-bound EntityManager [SessionImpl(1453306637<open>)] for JPA transaction
2025-01-24T15:59:38.911+01:00 DEBUG 35076 --- [    Test worker] o.s.orm.jpa.JpaTransactionManager        : Participating in existing transaction
2025-01-24T15:59:38.912+01:00 DEBUG 35076 --- [    Test worker] o.h.e.i.AbstractFlushingEventListener    : Processing flush-time cascades
2025-01-24T15:59:38.913+01:00 DEBUG 35076 --- [    Test worker] o.h.e.i.AbstractFlushingEventListener    : Dirty checking collections
2025-01-24T15:59:38.924+01:00 DEBUG 35076 --- [    Test worker] o.h.e.i.AbstractFlushingEventListener    : Flushed: 1 insertions, 0 updates, 0 deletions to 1 objects
2025-01-24T15:59:38.924+01:00 DEBUG 35076 --- [    Test worker] o.h.e.i.AbstractFlushingEventListener    : Flushed: 0 (re)creations, 0 updates, 0 removals to 0 collections
2025-01-24T15:59:38.926+01:00 DEBUG 35076 --- [    Test worker] o.hibernate.internal.util.EntityPrinter  : Listing entities:
2025-01-24T15:59:38.926+01:00 DEBUG 35076 --- [    Test worker] o.hibernate.internal.util.EntityPrinter  : com.blueharvest.spi.User{name=user, accounts=null, userId=2067ba3c-8e88-44d2-a266-f62248c24562}
2025-01-24T15:59:38.927+01:00 DEBUG 35076 --- [    Test worker] org.hibernate.engine.spi.ActionQueue     : Changes must be flushed to space: BLUEHARVEST.user
2025-01-24T15:59:38.946+01:00 DEBUG 35076 --- [    Test worker] org.hibernate.SQL                        : insert into BLUEHARVEST.user (name,user_id) values (?,?)
Hibernate: insert into BLUEHARVEST.user (name,user_id) values (?,?)
2025-01-24T15:59:38.962+01:00 DEBUG 35076 --- [    Test worker] org.hibernate.orm.sql.exec               : Skipping reading Query result cache data: cache-enabled = false, cache-mode = NORMAL
2025-01-24T15:59:38.962+01:00 DEBUG 35076 --- [    Test worker] org.hibernate.orm.results                : Initializer list is empty
2025-01-24T15:59:38.962+01:00 DEBUG 35076 --- [    Test worker] org.hibernate.SQL                        : select count(*) from BLUEHARVEST.user u1_0
Hibernate: select count(*) from BLUEHARVEST.user u1_0
2025-01-24T15:59:38.962+01:00 DEBUG 35076 --- [    Test worker] org.hibernate.orm.results.loading        : Calling top-level assembler (0 / 1) : org.hibernate.sql.results.graph.basic.BasicResultAssembler@5e95eec0
2025-01-24T15:59:38.963+01:00 DEBUG 35076 --- [    Test worker] org.hibernate.orm.results                : Extracted JDBC value [0] - [1]
2025-01-24T15:59:38.963+01:00 DEBUG 35076 --- [    Test worker] o.s.orm.jpa.JpaTransactionManager        : Found thread-bound EntityManager [SessionImpl(1453306637<open>)] for JPA transaction
2025-01-24T15:59:38.963+01:00 DEBUG 35076 --- [    Test worker] o.s.orm.jpa.JpaTransactionManager        : Participating in existing transaction
2025-01-24T15:59:38.963+01:00 DEBUG 35076 --- [    Test worker] o.h.j.internal.PersistenceUnitUtilImpl   : jakarta.persistence.PersistenceUnitUtil.getIdentifier is only intended to work with enhanced entities (although Hibernate also adapts this support to its proxies); however the passed entity was not enhanced (nor a proxy).. may not be able to read identifier
2025-01-24T15:59:38.971+01:00 DEBUG 35076 --- [    Test worker] o.h.e.i.AbstractSaveEventListener        : Generated identifier: 45209bbb-f68c-4c41-8090-8f75623a60db, using strategy: org.hibernate.id.UUIDGenerator
2025-01-24T15:59:39.000+01:00 DEBUG 35076 --- [    Test worker] o.s.orm.jpa.JpaTransactionManager        : Found thread-bound EntityManager [SessionImpl(1453306637<open>)] for JPA transaction
2025-01-24T15:59:39.001+01:00 DEBUG 35076 --- [    Test worker] o.s.orm.jpa.JpaTransactionManager        : Participating in existing transaction
2025-01-24T15:59:39.001+01:00 DEBUG 35076 --- [    Test worker] o.h.j.internal.PersistenceUnitUtilImpl   : jakarta.persistence.PersistenceUnitUtil.getIdentifier is only intended to work with enhanced entities (although Hibernate also adapts this support to its proxies); however the passed entity was not enhanced (nor a proxy).. may not be able to read identifier
2025-01-24T15:59:39.003+01:00 DEBUG 35076 --- [    Test worker] org.hibernate.SQL                        : select next value for BLUEHARVEST.transaction_id_seq
Hibernate: select next value for BLUEHARVEST.transaction_id_seq
2025-01-24T15:59:39.007+01:00 DEBUG 35076 --- [    Test worker] o.h.id.enhanced.SequenceStructure        : Sequence value obtained: 1
2025-01-24T15:59:39.007+01:00 DEBUG 35076 --- [    Test worker] o.h.e.i.AbstractSaveEventListener        : Generated identifier: 1, using strategy: org.hibernate.id.enhanced.SequenceStyleGenerator
2025-01-24T15:59:39.009+01:00 DEBUG 35076 --- [    Test worker] org.springframework.test.context.cache   : Spring test ApplicationContext cache statistics: [DefaultContextCache@16bebd03 size = 1, maxSize = 32, parentContextCount = 0, hitCount = 6, missCount = 1, failureCount = 0]
2025-01-24T15:59:39.011+01:00 DEBUG 35076 --- [    Test worker] org.springframework.test.context.cache   : Spring test ApplicationContext cache statistics: [DefaultContextCache@16bebd03 size = 1, maxSize = 32, parentContextCount = 0, hitCount = 7, missCount = 1, failureCount = 0]
2025-01-24T15:59:39.012+01:00 DEBUG 35076 --- [    Test worker] org.springframework.test.context.cache   : Spring test ApplicationContext cache statistics: [DefaultContextCache@16bebd03 size = 1, maxSize = 32, parentContextCount = 0, hitCount = 8, missCount = 1, failureCount = 0]
2025-01-24T15:59:39.012+01:00 DEBUG 35076 --- [    Test worker] org.springframework.test.context.cache   : Spring test ApplicationContext cache statistics: [DefaultContextCache@16bebd03 size = 1, maxSize = 32, parentContextCount = 0, hitCount = 9, missCount = 1, failureCount = 0]
2025-01-24T15:59:39.014+01:00 DEBUG 35076 --- [    Test worker] org.springframework.test.context.cache   : Spring test ApplicationContext cache statistics: [DefaultContextCache@16bebd03 size = 1, maxSize = 32, parentContextCount = 0, hitCount = 10, missCount = 1, failureCount = 0]
2025-01-24T15:59:39.016+01:00 DEBUG 35076 --- [    Test worker] org.springframework.test.context.cache   : Spring test ApplicationContext cache statistics: [DefaultContextCache@16bebd03 size = 1, maxSize = 32, parentContextCount = 0, hitCount = 11, missCount = 1, failureCount = 0]
2025-01-24T15:59:39.017+01:00 DEBUG 35076 --- [    Test worker] o.s.orm.jpa.JpaTransactionManager        : Initiating transaction rollback
2025-01-24T15:59:39.018+01:00 DEBUG 35076 --- [    Test worker] o.s.orm.jpa.JpaTransactionManager        : Rolling back JPA transaction on EntityManager [SessionImpl(1453306637<open>)]
2025-01-24T15:59:39.018+01:00 DEBUG 35076 --- [    Test worker] o.h.e.t.internal.TransactionImpl         : rolling back
2025-01-24T15:59:39.021+01:00 DEBUG 35076 --- [    Test worker] o.s.orm.jpa.JpaTransactionManager        : Closing JPA EntityManager [SessionImpl(1453306637<open>)] after transaction
2025-01-24T15:59:39.022+01:00 DEBUG 35076 --- [    Test worker] o.s.t.c.transaction.TransactionContext   : Rolled back transaction (1) for test class [com.blueharvest.spi.repository.UserRepositoryTest]; test method [testReporitory]
2025-01-24T15:59:39.023+01:00 DEBUG 35076 --- [    Test worker] .c.s.DirtiesContextTestExecutionListener : After test method: class [UserRepositoryTest], method [testReporitory], class annotated with @DirtiesContext [false] with mode [null], method annotated with @DirtiesContext [false] with mode [null]
2025-01-24T15:59:39.033+01:00 DEBUG 35076 --- [    Test worker] org.springframework.test.context.cache   : Spring test ApplicationContext cache statistics: [DefaultContextCache@16bebd03 size = 1, maxSize = 32, parentContextCount = 0, hitCount = 12, missCount = 1, failureCount = 0]
2025-01-24T15:59:39.034+01:00 DEBUG 35076 --- [    Test worker] .c.s.DirtiesContextTestExecutionListener : After test class: class [UserRepositoryTest], class annotated with @DirtiesContext [false] with mode [null]
]]></system-out>
  <system-err><![CDATA[WARNING: A Java agent has been loaded dynamically (C:\Users\svenv\.gradle\caches\modules-2\files-2.1\net.bytebuddy\byte-buddy-agent\1.14.19\154da3a65b4f4a909d3e5bdec55d1b2b4cbb6ce1\byte-buddy-agent-1.14.19.jar)
WARNING: If a serviceability tool is in use, please run with -XX:+EnableDynamicAgentLoading to hide this warning
WARNING: If a serviceability tool is not in use, please run with -Djdk.instrument.traceUsage for more information
WARNING: Dynamic loading of agents will be disallowed by default in a future release
]]></system-err>
</testsuite>
